2016-11-16 21:47:42,133 ERROR [main] - Statistics - Statistics file `C:\Users\xs120944\.scalaide\statistics` is corrupted. A new one is being created. Corrupted content was:

com.cedarsoftware.util.io.JsonIoException: error parsing JSON value
	at com.cedarsoftware.util.io.JsonReader.readObject(JsonReader.java:529)
	at com.cedarsoftware.util.io.JsonReader.jsonToJava(JsonReader.java:289)
	at com.cedarsoftware.util.io.JsonReader.jsonToJava(JsonReader.java:262)
	at org.scalaide.core.internal.statistics.Statistics.org$scalaide$core$internal$statistics$Statistics$$read(Statistics.scala:74)
	at org.scalaide.core.internal.statistics.Statistics$$anonfun$readStats$1.apply(Statistics.scala:52)
	at org.scalaide.core.internal.statistics.Statistics$$anonfun$readStats$1.apply(Statistics.scala:51)
	at org.scalaide.core.ScalaIdeDataStore$$anonfun$validate$2.apply(ScalaIdeDataStore.scala:59)
	at org.scalaide.util.eclipse.EclipseUtils$$anon$3.run(EclipseUtils.scala:214)
	at org.eclipse.core.runtime.SafeRunner.run(SafeRunner.java:42)
	at org.scalaide.util.eclipse.EclipseUtils$.withSafeRunner(EclipseUtils.scala:210)
	at org.scalaide.core.ScalaIdeDataStore$.validate(ScalaIdeDataStore.scala:58)
	at org.scalaide.core.internal.statistics.Statistics.readStats(Statistics.scala:51)
	at org.scalaide.core.internal.statistics.Statistics.<init>(Statistics.scala:30)
	at org.scalaide.core.internal.ScalaPlugin.stats$lzycompute(ScalaPlugin.scala:135)
	at org.scalaide.core.internal.ScalaPlugin.stats(ScalaPlugin.scala:135)
	at org.scalaide.core.internal.ScalaPlugin.statistics(ScalaPlugin.scala:138)
	at org.scalaide.core.internal.ScalaPlugin.start(ScalaPlugin.scala:109)
	at org.eclipse.osgi.internal.framework.BundleContextImpl$3.run(BundleContextImpl.java:771)
	at org.eclipse.osgi.internal.framework.BundleContextImpl$3.run(BundleContextImpl.java:1)
	at java.security.AccessController.doPrivileged(Native Method)
	at org.eclipse.osgi.internal.framework.BundleContextImpl.startActivator(BundleContextImpl.java:764)
	at org.eclipse.osgi.internal.framework.BundleContextImpl.start(BundleContextImpl.java:721)
	at org.eclipse.osgi.internal.framework.EquinoxBundle.startWorker0(EquinoxBundle.java:936)
	at org.eclipse.osgi.internal.framework.EquinoxBundle$EquinoxModule.startWorker(EquinoxBundle.java:319)
	at org.eclipse.osgi.container.Module.doStart(Module.java:571)
	at org.eclipse.osgi.container.Module.start(Module.java:439)
	at org.eclipse.osgi.framework.util.SecureAction.start(SecureAction.java:454)
	at org.eclipse.osgi.internal.hooks.EclipseLazyStarter.postFindLocalClass(EclipseLazyStarter.java:107)
	at org.eclipse.osgi.internal.loader.classpath.ClasspathManager.findLocalClass(ClasspathManager.java:531)
	at org.eclipse.osgi.internal.loader.ModuleClassLoader.findLocalClass(ModuleClassLoader.java:324)
	at org.eclipse.osgi.internal.loader.BundleLoader.findLocalClass(BundleLoader.java:320)
	at org.eclipse.osgi.internal.loader.BundleLoader.findClassInternal(BundleLoader.java:395)
	at org.eclipse.osgi.internal.loader.BundleLoader.findClass(BundleLoader.java:345)
	at org.eclipse.osgi.internal.loader.BundleLoader.findClass(BundleLoader.java:337)
	at org.eclipse.osgi.internal.loader.ModuleClassLoader.loadClass(ModuleClassLoader.java:160)
	at java.lang.ClassLoader.loadClass(ClassLoader.java:357)
	at org.eclipse.osgi.internal.framework.EquinoxBundle.loadClass(EquinoxBundle.java:568)
	at org.eclipse.core.internal.registry.osgi.RegistryStrategyOSGI.createExecutableExtension(RegistryStrategyOSGI.java:174)
	at org.eclipse.core.internal.registry.ExtensionRegistry.createExecutableExtension(ExtensionRegistry.java:905)
	at org.eclipse.core.internal.registry.ConfigurationElement.createExecutableExtension(ConfigurationElement.java:243)
	at org.eclipse.core.internal.registry.ConfigurationElementHandle.createExecutableExtension(ConfigurationElementHandle.java:55)
	at org.eclipse.ui.internal.registry.PerspectiveDescriptor.createFactory(PerspectiveDescriptor.java:74)
	at org.eclipse.ui.internal.WorkbenchPage.setPerspective(WorkbenchPage.java:4032)
	at org.eclipse.ui.internal.WorkbenchWindow.setup(WorkbenchWindow.java:733)
	at sun.reflect.NativeMethodAccessorImpl.invoke0(Native Method)
	at sun.reflect.NativeMethodAccessorImpl.invoke(NativeMethodAccessorImpl.java:62)
	at sun.reflect.DelegatingMethodAccessorImpl.invoke(DelegatingMethodAccessorImpl.java:43)
	at java.lang.reflect.Method.invoke(Method.java:498)
	at org.eclipse.e4.core.internal.di.MethodRequestor.execute(MethodRequestor.java:55)
	at org.eclipse.e4.core.internal.di.InjectorImpl.processAnnotated(InjectorImpl.java:888)
	at org.eclipse.e4.core.internal.di.InjectorImpl.inject(InjectorImpl.java:120)
	at org.eclipse.e4.core.internal.di.InjectorImpl.inject(InjectorImpl.java:85)
	at org.eclipse.e4.core.contexts.ContextInjectionFactory.inject(ContextInjectionFactory.java:73)
	at org.eclipse.ui.internal.Workbench.createWorkbenchWindow(Workbench.java:1480)
	at org.eclipse.ui.internal.Workbench.getActiveWorkbenchWindow(Workbench.java:1453)
	at org.eclipse.ui.internal.services.WorkbenchSourceProvider.updateActiveShell(WorkbenchSourceProvider.java:943)
	at org.eclipse.ui.internal.services.WorkbenchSourceProvider.getCurrentState(WorkbenchSourceProvider.java:137)
	at org.eclipse.ui.internal.services.WorkbenchSourceProvider$6.handleEvent(WorkbenchSourceProvider.java:703)
	at org.eclipse.swt.widgets.EventTable.sendEvent(EventTable.java:84)
	at org.eclipse.swt.widgets.Display.filterEvent(Display.java:1262)
	at org.eclipse.swt.widgets.Widget.sendEvent(Widget.java:1060)
	at org.eclipse.swt.widgets.Widget.sendEvent(Widget.java:1085)
	at org.eclipse.swt.widgets.Widget.sendEvent(Widget.java:1070)
	at org.eclipse.swt.widgets.Decorations.WM_ACTIVATE(Decorations.java:1666)
	at org.eclipse.swt.widgets.Shell.WM_ACTIVATE(Shell.java:2151)
	at org.eclipse.swt.widgets.Control.windowProc(Control.java:4607)
	at org.eclipse.swt.widgets.Canvas.windowProc(Canvas.java:339)
	at org.eclipse.swt.widgets.Decorations.windowProc(Decorations.java:1626)
	at org.eclipse.swt.widgets.Shell.windowProc(Shell.java:2075)
	at org.eclipse.swt.widgets.Display.windowProc(Display.java:5023)
	at org.eclipse.swt.internal.win32.OS.BringWindowToTop(Native Method)
	at org.eclipse.swt.widgets.Decorations.bringToTop(Decorations.java:230)
	at org.eclipse.swt.widgets.Shell.open(Shell.java:1217)
	at org.eclipse.e4.ui.workbench.renderers.swt.WBWRenderer.postProcess(WBWRenderer.java:744)
	at org.eclipse.e4.ui.internal.workbench.swt.PartRenderingEngine.safeCreateGui(PartRenderingEngine.java:678)
	at org.eclipse.e4.ui.internal.workbench.swt.PartRenderingEngine.safeCreateGui(PartRenderingEngine.java:766)
	at org.eclipse.e4.ui.internal.workbench.swt.PartRenderingEngine.access$2(PartRenderingEngine.java:737)
	at org.eclipse.e4.ui.internal.workbench.swt.PartRenderingEngine$7.run(PartRenderingEngine.java:731)
	at org.eclipse.core.runtime.SafeRunner.run(SafeRunner.java:42)
	at org.eclipse.e4.ui.internal.workbench.swt.PartRenderingEngine.createGui(PartRenderingEngine.java:715)
	at org.eclipse.e4.ui.internal.workbench.swt.PartRenderingEngine$9.run(PartRenderingEngine.java:1074)
	at org.eclipse.core.databinding.observable.Realm.runWithDefault(Realm.java:332)
	at org.eclipse.e4.ui.internal.workbench.swt.PartRenderingEngine.run(PartRenderingEngine.java:1032)
	at org.eclipse.e4.ui.internal.workbench.E4Workbench.createAndRunUI(E4Workbench.java:148)
	at org.eclipse.ui.internal.Workbench$5.run(Workbench.java:636)
	at org.eclipse.core.databinding.observable.Realm.runWithDefault(Realm.java:332)
	at org.eclipse.ui.internal.Workbench.createAndRunWorkbench(Workbench.java:579)
	at org.eclipse.ui.PlatformUI.createAndRunWorkbench(PlatformUI.java:150)
	at org.eclipse.ui.internal.ide.application.IDEApplication.start(IDEApplication.java:135)
	at org.eclipse.equinox.internal.app.EclipseAppHandle.run(EclipseAppHandle.java:196)
	at org.eclipse.core.runtime.internal.adaptor.EclipseAppLauncher.runApplication(EclipseAppLauncher.java:134)
	at org.eclipse.core.runtime.internal.adaptor.EclipseAppLauncher.start(EclipseAppLauncher.java:104)
	at org.eclipse.core.runtime.adaptor.EclipseStarter.run(EclipseStarter.java:380)
	at org.eclipse.core.runtime.adaptor.EclipseStarter.run(EclipseStarter.java:235)
	at sun.reflect.NativeMethodAccessorImpl.invoke0(Native Method)
	at sun.reflect.NativeMethodAccessorImpl.invoke(NativeMethodAccessorImpl.java:62)
	at sun.reflect.DelegatingMethodAccessorImpl.invoke(DelegatingMethodAccessorImpl.java:43)
	at java.lang.reflect.Method.invoke(Method.java:498)
	at org.eclipse.equinox.launcher.Main.invokeFramework(Main.java:648)
	at org.eclipse.equinox.launcher.Main.basicRun(Main.java:603)
	at org.eclipse.equinox.launcher.Main.run(Main.java:1465)
Caused by: com.cedarsoftware.util.io.JsonIoException: EOF reached prematurely
	at com.cedarsoftware.util.io.JsonParser.error(JsonParser.java:584)
	at com.cedarsoftware.util.io.JsonParser.readValue(JsonParser.java:278)
	at com.cedarsoftware.util.io.JsonReader.readObject(JsonReader.java:521)
	... 100 more
2016-11-16 21:57:42,879  WARN [ModalContext] - ScalaProject - Project hello-project has platform default sourceLevel.
2016-11-16 21:57:42,883  WARN [ModalContext] - ScalaProject - Project hello-project runs on platform default installation.
2016-11-16 21:57:43,480  WARN [Worker-8] - ScalaProject - Project hello-project has platform default sourceLevel.
2016-11-16 21:57:43,481  WARN [Worker-8] - ScalaProject - Project hello-project runs on platform default installation.
2016-11-16 21:59:22,703  WARN [main] - ScalaProject - Project hello-project has platform default sourceLevel.
2016-11-16 21:59:22,703  WARN [main] - ScalaProject - Project hello-project runs on platform default installation.
2016-11-16 21:59:24,528 ERROR [main] - IScalaPresentationCompiler$ - Ignoring InterruptException
2016-11-16 21:59:24,542 ERROR [main] - IScalaPresentationCompiler$ - Ignoring InterruptException
2016-11-16 21:59:24,549 ERROR [main] - IScalaPresentationCompiler$ - Ignoring InterruptException
2016-11-16 21:59:24,556 ERROR [main] - IScalaPresentationCompiler$ - Ignoring InterruptException
2016-11-16 21:59:25,241 ERROR [main] - IScalaPresentationCompiler$ - Ignoring InterruptException
2016-11-16 21:59:25,472 ERROR [main] - IScalaPresentationCompiler$ - Ignoring InterruptException
2016-11-16 21:59:27,075 ERROR [main] - IScalaPresentationCompiler$ - Ignoring InterruptException
2016-11-16 21:59:27,342 ERROR [main] - IScalaPresentationCompiler$ - Ignoring InterruptException
2016-11-16 21:59:27,472 ERROR [main] - IScalaPresentationCompiler$ - Ignoring InterruptException
2016-11-16 21:59:27,640 ERROR [main] - IScalaPresentationCompiler$ - Ignoring InterruptException
2016-11-16 21:59:48,080  WARN [Worker-6] - ScalaProject - Project hello-project has platform default sourceLevel.
2016-11-16 21:59:48,080  WARN [Worker-6] - ScalaProject - Project hello-project runs on platform default installation.
2016-11-16 21:59:48,545  WARN [Java indexing] - ScalaProject - Project hello-project has platform default sourceLevel.
2016-11-16 21:59:48,546  WARN [Java indexing] - ScalaProject - Project hello-project runs on platform default installation.
2016-11-16 21:59:51,886  WARN [Worker-3] - ScalaProject - Project hello-project has platform default sourceLevel.
2016-11-16 21:59:51,887  WARN [Worker-3] - ScalaProject - Project hello-project runs on platform default installation.
2016-11-16 22:00:42,197 ERROR [Text Viewer Hover Presenter] - IScalaPresentationCompiler$ - Ignoring InterruptException
2016-11-16 22:00:42,242 ERROR [Text Viewer Hover Presenter] - IScalaPresentationCompiler$ - Ignoring InterruptException
2016-11-16 22:01:08,003  WARN [Worker-6] - ScalaProject - Project hello-project has platform default sourceLevel.
2016-11-16 22:01:08,003  WARN [Worker-6] - ScalaProject - Project hello-project runs on platform default installation.
2016-11-16 22:01:31,686 ERROR [Worker-0] - System.err - SLF4J: Failed to load class "org.slf4j.impl.StaticLoggerBinder".
2016-11-16 22:01:31,686 ERROR [Worker-0] - System.err - SLF4J: Defaulting to no-operation (NOP) logger implementation
2016-11-16 22:01:31,686 ERROR [Worker-0] - System.err - SLF4J: See http://www.slf4j.org/codes.html#StaticLoggerBinder for further details.
2016-11-16 22:03:18,897  WARN [Worker-9] - ScalaProject - Project hello-project has platform default sourceLevel.
2016-11-16 22:03:18,897  WARN [Worker-9] - ScalaProject - Project hello-project runs on platform default installation.
2016-11-16 22:04:00,972  WARN [Worker-0] - ScalaProject - Project hello-project has platform default sourceLevel.
2016-11-16 22:04:00,972  WARN [Worker-0] - ScalaProject - Project hello-project runs on platform default installation.
2016-11-16 22:04:01,038 ERROR [main] - org.scala-ide.sdt.core - org.scala-ide.sdt.core - org.scala-ide.sdt.core - 0 - Error during instrumentation of ScriptCompilationUnit(L/hello-project/wk1Tst1.sc)
org.scalaide.worksheet.runtime.MissingTopLevelObjectDeclaration: Couldn't find top level object declaration in source wk1Tst1.sc
	at org.scalaide.worksheet.runtime.SourceInstrumenter.instrumentProgram(SourceInstrumenter.scala:37)
	at org.scalaide.worksheet.runtime.SourceInstrumenter.instrument(SourceInstrumenter.scala:24)
	at org.scalaide.worksheet.runtime.WorksheetRunner$$anonfun$receive$1.applyOrElse(WorksheetRunner.scala:73)
	at akka.actor.Actor$class.aroundReceive(Actor.scala:465)
	at org.scalaide.worksheet.runtime.WorksheetRunner.aroundReceive(WorksheetRunner.scala:44)
	at akka.actor.ActorCell.receiveMessage(ActorCell.scala:516)
	at akka.actor.ActorCell.invoke(ActorCell.scala:487)
	at akka.dispatch.Mailbox.processMailbox(Mailbox.scala:254)
	at akka.dispatch.Mailbox.run(Mailbox.scala:221)
	at akka.dispatch.Mailbox.exec(Mailbox.scala:231)
	at scala.concurrent.forkjoin.ForkJoinTask.doExec(ForkJoinTask.java:260)
	at scala.concurrent.forkjoin.ForkJoinPool$WorkQueue.pollAndExecAll(ForkJoinPool.java:1253)
	at scala.concurrent.forkjoin.ForkJoinPool$WorkQueue.runTask(ForkJoinPool.java:1346)
	at scala.concurrent.forkjoin.ForkJoinPool.runWorker(ForkJoinPool.java:1979)
	at scala.concurrent.forkjoin.ForkJoinWorkerThread.run(ForkJoinWorkerThread.java:107)
2016-11-16 22:04:46,435  WARN [Worker-10] - ScalaProject - Project hello-project has platform default sourceLevel.
2016-11-16 22:04:46,435  WARN [Worker-10] - ScalaProject - Project hello-project runs on platform default installation.
2016-11-16 22:05:40,639  WARN [Worker-0] - ScalaProject - Project hello-project has platform default sourceLevel.
2016-11-16 22:05:40,639  WARN [Worker-0] - ScalaProject - Project hello-project runs on platform default installation.
2016-11-16 22:05:50,802  WARN [Worker-11] - ScalaProject - Project hello-project has platform default sourceLevel.
2016-11-16 22:05:50,802  WARN [Worker-11] - ScalaProject - Project hello-project runs on platform default installation.
2016-11-16 22:05:53,422  WARN [Worker-8] - ScalaProject - Project hello-project has platform default sourceLevel.
2016-11-16 22:05:53,422  WARN [Worker-8] - ScalaProject - Project hello-project runs on platform default installation.
2016-11-16 22:06:10,331  WARN [Worker-6] - ScalaProject - Project hello-project has platform default sourceLevel.
2016-11-16 22:06:10,332  WARN [Worker-6] - ScalaProject - Project hello-project runs on platform default installation.
2016-11-16 22:07:26,173  WARN [Worker-3] - ScalaProject - Project hello-project has platform default sourceLevel.
2016-11-16 22:07:26,173  WARN [Worker-3] - ScalaProject - Project hello-project runs on platform default installation.
2016-11-16 22:07:27,327  WARN [Worker-10] - ScalaProject - Project hello-project has platform default sourceLevel.
2016-11-16 22:07:27,327  WARN [Worker-10] - ScalaProject - Project hello-project runs on platform default installation.
2016-11-16 22:08:45,056  WARN [Worker-0] - ScalaProject - Project hello-project has platform default sourceLevel.
2016-11-16 22:08:45,065  WARN [Worker-0] - ScalaProject - Project hello-project runs on platform default installation.
2016-11-16 22:08:47,761  WARN [Worker-3] - ScalaProject - Project hello-project has platform default sourceLevel.
2016-11-16 22:08:47,762  WARN [Worker-3] - ScalaProject - Project hello-project runs on platform default installation.
2016-11-16 22:09:04,201  WARN [Worker-11] - ScalaProject - Project hello-project has platform default sourceLevel.
2016-11-16 22:09:04,201  WARN [Worker-11] - ScalaProject - Project hello-project runs on platform default installation.
2016-11-16 22:09:09,556  WARN [Worker-9] - ScalaProject - Project hello-project has platform default sourceLevel.
2016-11-16 22:09:09,557  WARN [Worker-9] - ScalaProject - Project hello-project runs on platform default installation.
2016-11-16 22:09:15,456  WARN [Worker-0] - ScalaProject - Project hello-project has platform default sourceLevel.
2016-11-16 22:09:15,456  WARN [Worker-0] - ScalaProject - Project hello-project runs on platform default installation.
2016-11-16 22:18:07,123  WARN [Worker-6] - ScalaProject - Project hello-project has platform default sourceLevel.
2016-11-16 22:18:07,123  WARN [Worker-6] - ScalaProject - Project hello-project runs on platform default installation.
2016-11-16 22:18:47,056  WARN [Worker-14] - ScalaProject - Project hello-project has platform default sourceLevel.
2016-11-16 22:18:47,057  WARN [Worker-14] - ScalaProject - Project hello-project runs on platform default installation.
2016-11-16 22:23:21,758  WARN [Worker-20] - ScalaProject - Project hello-project has platform default sourceLevel.
2016-11-16 22:23:21,758  WARN [Worker-20] - ScalaProject - Project hello-project runs on platform default installation.
2016-11-16 22:23:26,513  WARN [Worker-20] - ScalaProject - Project hello-project has platform default sourceLevel.
2016-11-16 22:23:26,513  WARN [Worker-20] - ScalaProject - Project hello-project runs on platform default installation.
2016-11-16 22:24:13,583  WARN [Worker-20] - ScalaProject - Project hello-project has platform default sourceLevel.
2016-11-16 22:24:13,583  WARN [Worker-20] - ScalaProject - Project hello-project runs on platform default installation.
2016-11-16 22:24:16,266  WARN [Worker-17] - ScalaProject - Project hello-project has platform default sourceLevel.
2016-11-16 22:24:16,266  WARN [Worker-17] - ScalaProject - Project hello-project runs on platform default installation.
2016-11-16 22:25:46,222  WARN [Worker-17] - ScalaProject - Project hello-project has platform default sourceLevel.
2016-11-16 22:25:46,222  WARN [Worker-17] - ScalaProject - Project hello-project runs on platform default installation.
2016-11-17 00:16:02,052  WARN [ModalContext] - ScalaProject - Project progfun1-example has platform default sourceLevel.
2016-11-17 00:16:02,052  WARN [ModalContext] - ScalaProject - Project progfun1-example runs on platform default installation.
2016-11-17 00:16:02,554  WARN [ModalContext] - ScalaProject - Project progfun1-example has platform default sourceLevel.
2016-11-17 00:16:02,554  WARN [ModalContext] - ScalaProject - Project progfun1-example runs on platform default installation.
2016-11-17 00:16:03,013  WARN [main] - org.scala-ide.sdt.core - org.scala-ide.sdt.core - org.scala-ide.sdt.core - 0 - Preference scala.compiler.sourceLevel was uninitialized for progfun1-example, setting default to 2.11.
2016-11-17 00:16:03,016  WARN [main] - org.scala-ide.sdt.core - org.scala-ide.sdt.core - org.scala-ide.sdt.core - 0 - Preference scala.compiler.installation was uninitialized for progfun1-example, setting default to 2.11.
2016-11-17 00:43:03,178  WARN [org.scalaide.ui.internal.reconciliation.ScalaReconciler] - ImplicitHighlightingPresenter - Timeout while waiting for `askLoadedTyped` during semantic highlighting.
2016-11-17 00:43:03,496  WARN [org.scalaide.ui.internal.reconciliation.ScalaReconciler] - CustomSemanticAction - Timeout while waiting for `askLoadedTyped` during semantic highlighting.
2016-11-17 00:52:10,514  WARN [org.scalaide.ui.internal.reconciliation.ScalaReconciler] - ImplicitHighlightingPresenter - Timeout while waiting for `askLoadedTyped` during semantic highlighting.
2016-11-17 00:52:10,722  WARN [org.scalaide.ui.internal.reconciliation.ScalaReconciler] - CustomSemanticAction - Timeout while waiting for `askLoadedTyped` during semantic highlighting.
2016-11-17 00:52:11,375  WARN [org.scalaide.ui.internal.reconciliation.ScalaReconciler] - ImplicitHighlightingPresenter - Timeout while waiting for `askLoadedTyped` during semantic highlighting.
2016-11-17 00:52:23,179  WARN [org.scalaide.ui.internal.reconciliation.ScalaReconciler] - CustomSemanticAction - Timeout while waiting for `askLoadedTyped` during semantic highlighting.
2016-11-17 00:52:23,381  WARN [org.scalaide.ui.internal.reconciliation.ScalaReconciler] - CallByNameParamAtCreationPresenter - Timeout while waiting for `askLoadedTyped` during semantic highlighting.
2016-11-17 00:58:45,674  WARN [main] - ScalaProject - Project hello-project has platform default sourceLevel.
2016-11-17 00:58:45,674  WARN [main] - ScalaProject - Project hello-project runs on platform default installation.
2016-11-17 23:34:59,089 ERROR [main] - Statistics - Statistics file `C:\Users\xs120944\.scalaide\statistics` is corrupted. A new one is being created. Corrupted content was:

com.cedarsoftware.util.io.JsonIoException: error parsing JSON value
	at com.cedarsoftware.util.io.JsonReader.readObject(JsonReader.java:529)
	at com.cedarsoftware.util.io.JsonReader.jsonToJava(JsonReader.java:289)
	at com.cedarsoftware.util.io.JsonReader.jsonToJava(JsonReader.java:262)
	at org.scalaide.core.internal.statistics.Statistics.org$scalaide$core$internal$statistics$Statistics$$read(Statistics.scala:74)
	at org.scalaide.core.internal.statistics.Statistics$$anonfun$readStats$1.apply(Statistics.scala:52)
	at org.scalaide.core.internal.statistics.Statistics$$anonfun$readStats$1.apply(Statistics.scala:51)
	at org.scalaide.core.ScalaIdeDataStore$$anonfun$validate$2.apply(ScalaIdeDataStore.scala:59)
	at org.scalaide.util.eclipse.EclipseUtils$$anon$3.run(EclipseUtils.scala:214)
	at org.eclipse.core.runtime.SafeRunner.run(SafeRunner.java:42)
	at org.scalaide.util.eclipse.EclipseUtils$.withSafeRunner(EclipseUtils.scala:210)
	at org.scalaide.core.ScalaIdeDataStore$.validate(ScalaIdeDataStore.scala:58)
	at org.scalaide.core.internal.statistics.Statistics.readStats(Statistics.scala:51)
	at org.scalaide.core.internal.statistics.Statistics.<init>(Statistics.scala:30)
	at org.scalaide.core.internal.ScalaPlugin.stats$lzycompute(ScalaPlugin.scala:135)
	at org.scalaide.core.internal.ScalaPlugin.stats(ScalaPlugin.scala:135)
	at org.scalaide.core.internal.ScalaPlugin.statistics(ScalaPlugin.scala:138)
	at org.scalaide.core.internal.ScalaPlugin.start(ScalaPlugin.scala:109)
	at org.eclipse.osgi.internal.framework.BundleContextImpl$3.run(BundleContextImpl.java:771)
	at org.eclipse.osgi.internal.framework.BundleContextImpl$3.run(BundleContextImpl.java:1)
	at java.security.AccessController.doPrivileged(Native Method)
	at org.eclipse.osgi.internal.framework.BundleContextImpl.startActivator(BundleContextImpl.java:764)
	at org.eclipse.osgi.internal.framework.BundleContextImpl.start(BundleContextImpl.java:721)
	at org.eclipse.osgi.internal.framework.EquinoxBundle.startWorker0(EquinoxBundle.java:936)
	at org.eclipse.osgi.internal.framework.EquinoxBundle$EquinoxModule.startWorker(EquinoxBundle.java:319)
	at org.eclipse.osgi.container.Module.doStart(Module.java:571)
	at org.eclipse.osgi.container.Module.start(Module.java:439)
	at org.eclipse.osgi.framework.util.SecureAction.start(SecureAction.java:454)
	at org.eclipse.osgi.internal.hooks.EclipseLazyStarter.postFindLocalClass(EclipseLazyStarter.java:107)
	at org.eclipse.osgi.internal.loader.classpath.ClasspathManager.findLocalClass(ClasspathManager.java:531)
	at org.eclipse.osgi.internal.loader.ModuleClassLoader.findLocalClass(ModuleClassLoader.java:324)
	at org.eclipse.osgi.internal.loader.BundleLoader.findLocalClass(BundleLoader.java:320)
	at org.eclipse.osgi.internal.loader.BundleLoader.findClassInternal(BundleLoader.java:395)
	at org.eclipse.osgi.internal.loader.BundleLoader.findClass(BundleLoader.java:345)
	at org.eclipse.osgi.internal.loader.BundleLoader.findClass(BundleLoader.java:337)
	at org.eclipse.osgi.internal.loader.ModuleClassLoader.loadClass(ModuleClassLoader.java:160)
	at java.lang.ClassLoader.loadClass(ClassLoader.java:357)
	at org.eclipse.osgi.internal.framework.EquinoxBundle.loadClass(EquinoxBundle.java:568)
	at org.eclipse.core.internal.registry.osgi.RegistryStrategyOSGI.createExecutableExtension(RegistryStrategyOSGI.java:174)
	at org.eclipse.core.internal.registry.ExtensionRegistry.createExecutableExtension(ExtensionRegistry.java:905)
	at org.eclipse.core.internal.registry.ConfigurationElement.createExecutableExtension(ConfigurationElement.java:243)
	at org.eclipse.core.internal.registry.ConfigurationElementHandle.createExecutableExtension(ConfigurationElementHandle.java:55)
	at org.eclipse.jdt.internal.ui.filters.FilterDescriptor$1.run(FilterDescriptor.java:132)
	at org.eclipse.core.runtime.SafeRunner.run(SafeRunner.java:42)
	at org.eclipse.jdt.internal.ui.filters.FilterDescriptor.createViewerFilter(FilterDescriptor.java:136)
	at org.eclipse.jdt.ui.actions.CustomFiltersActionGroup$FilterItem.getFilterInstance(CustomFiltersActionGroup.java:187)
	at org.eclipse.jdt.ui.actions.CustomFiltersActionGroup.updateViewerFilters(CustomFiltersActionGroup.java:516)
	at org.eclipse.jdt.ui.actions.CustomFiltersActionGroup.<init>(CustomFiltersActionGroup.java:275)
	at org.eclipse.jdt.ui.actions.CustomFiltersActionGroup.<init>(CustomFiltersActionGroup.java:241)
	at org.eclipse.jdt.internal.ui.packageview.PackageExplorerActionGroup.<init>(PackageExplorerActionGroup.java:148)
	at org.eclipse.jdt.internal.ui.packageview.PackageExplorerPart.makeActions(PackageExplorerPart.java:804)
	at org.eclipse.jdt.internal.ui.packageview.PackageExplorerPart.createPartControl(PackageExplorerPart.java:505)
	at org.eclipse.ui.internal.e4.compatibility.CompatibilityPart.createPartControl(CompatibilityPart.java:141)
	at org.eclipse.ui.internal.e4.compatibility.CompatibilityView.createPartControl(CompatibilityView.java:155)
	at org.eclipse.ui.internal.e4.compatibility.CompatibilityPart.create(CompatibilityPart.java:327)
	at sun.reflect.NativeMethodAccessorImpl.invoke0(Native Method)
	at sun.reflect.NativeMethodAccessorImpl.invoke(NativeMethodAccessorImpl.java:62)
	at sun.reflect.DelegatingMethodAccessorImpl.invoke(DelegatingMethodAccessorImpl.java:43)
	at java.lang.reflect.Method.invoke(Method.java:498)
	at org.eclipse.e4.core.internal.di.MethodRequestor.execute(MethodRequestor.java:55)
	at org.eclipse.e4.core.internal.di.InjectorImpl.processAnnotated(InjectorImpl.java:888)
	at org.eclipse.e4.core.internal.di.InjectorImpl.processAnnotated(InjectorImpl.java:869)
	at org.eclipse.e4.core.internal.di.InjectorImpl.inject(InjectorImpl.java:120)
	at org.eclipse.e4.core.internal.di.InjectorImpl.internalMake(InjectorImpl.java:337)
	at org.eclipse.e4.core.internal.di.InjectorImpl.make(InjectorImpl.java:258)
	at org.eclipse.e4.core.contexts.ContextInjectionFactory.make(ContextInjectionFactory.java:162)
	at org.eclipse.e4.ui.internal.workbench.ReflectionContributionFactory.createFromBundle(ReflectionContributionFactory.java:104)
	at org.eclipse.e4.ui.internal.workbench.ReflectionContributionFactory.doCreate(ReflectionContributionFactory.java:73)
	at org.eclipse.e4.ui.internal.workbench.ReflectionContributionFactory.create(ReflectionContributionFactory.java:55)
	at org.eclipse.e4.ui.workbench.renderers.swt.ContributedPartRenderer.createWidget(ContributedPartRenderer.java:127)
	at org.eclipse.e4.ui.internal.workbench.swt.PartRenderingEngine.createWidget(PartRenderingEngine.java:983)
	at org.eclipse.e4.ui.internal.workbench.swt.PartRenderingEngine.safeCreateGui(PartRenderingEngine.java:662)
	at org.eclipse.e4.ui.internal.workbench.swt.PartRenderingEngine$6.run(PartRenderingEngine.java:547)
	at org.eclipse.core.runtime.SafeRunner.run(SafeRunner.java:42)
	at org.eclipse.e4.ui.internal.workbench.swt.PartRenderingEngine.createGui(PartRenderingEngine.java:531)
	at org.eclipse.e4.ui.workbench.renderers.swt.ElementReferenceRenderer.createWidget(ElementReferenceRenderer.java:69)
	at org.eclipse.e4.ui.internal.workbench.swt.PartRenderingEngine.createWidget(PartRenderingEngine.java:983)
	at org.eclipse.e4.ui.internal.workbench.swt.PartRenderingEngine.safeCreateGui(PartRenderingEngine.java:662)
	at org.eclipse.e4.ui.internal.workbench.swt.PartRenderingEngine.safeCreateGui(PartRenderingEngine.java:766)
	at org.eclipse.e4.ui.internal.workbench.swt.PartRenderingEngine.access$2(PartRenderingEngine.java:737)
	at org.eclipse.e4.ui.internal.workbench.swt.PartRenderingEngine$7.run(PartRenderingEngine.java:731)
	at org.eclipse.core.runtime.SafeRunner.run(SafeRunner.java:42)
	at org.eclipse.e4.ui.internal.workbench.swt.PartRenderingEngine.createGui(PartRenderingEngine.java:715)
	at org.eclipse.e4.ui.workbench.renderers.swt.StackRenderer.showTab(StackRenderer.java:1246)
	at org.eclipse.e4.ui.workbench.renderers.swt.LazyStackRenderer.postProcess(LazyStackRenderer.java:103)
	at org.eclipse.e4.ui.internal.workbench.swt.PartRenderingEngine.safeCreateGui(PartRenderingEngine.java:678)
	at org.eclipse.e4.ui.internal.workbench.swt.PartRenderingEngine.safeCreateGui(PartRenderingEngine.java:766)
	at org.eclipse.e4.ui.internal.workbench.swt.PartRenderingEngine.access$2(PartRenderingEngine.java:737)
	at org.eclipse.e4.ui.internal.workbench.swt.PartRenderingEngine$7.run(PartRenderingEngine.java:731)
	at org.eclipse.core.runtime.SafeRunner.run(SafeRunner.java:42)
	at org.eclipse.e4.ui.internal.workbench.swt.PartRenderingEngine.createGui(PartRenderingEngine.java:715)
	at org.eclipse.e4.ui.workbench.renderers.swt.SWTPartRenderer.processContents(SWTPartRenderer.java:69)
	at org.eclipse.e4.ui.workbench.renderers.swt.SashRenderer.processContents(SashRenderer.java:185)
	at org.eclipse.e4.ui.internal.workbench.swt.PartRenderingEngine.safeCreateGui(PartRenderingEngine.java:674)
	at org.eclipse.e4.ui.internal.workbench.swt.PartRenderingEngine.safeCreateGui(PartRenderingEngine.java:766)
	at org.eclipse.e4.ui.internal.workbench.swt.PartRenderingEngine.access$2(PartRenderingEngine.java:737)
	at org.eclipse.e4.ui.internal.workbench.swt.PartRenderingEngine$7.run(PartRenderingEngine.java:731)
	at org.eclipse.core.runtime.SafeRunner.run(SafeRunner.java:42)
	at org.eclipse.e4.ui.internal.workbench.swt.PartRenderingEngine.createGui(PartRenderingEngine.java:715)
	at org.eclipse.e4.ui.workbench.renderers.swt.SWTPartRenderer.processContents(SWTPartRenderer.java:69)
	at org.eclipse.e4.ui.workbench.renderers.swt.PerspectiveRenderer.processContents(PerspectiveRenderer.java:49)
	at org.eclipse.e4.ui.internal.workbench.swt.PartRenderingEngine.safeCreateGui(PartRenderingEngine.java:674)
	at org.eclipse.e4.ui.internal.workbench.swt.PartRenderingEngine.safeCreateGui(PartRenderingEngine.java:766)
	at org.eclipse.e4.ui.internal.workbench.swt.PartRenderingEngine.access$2(PartRenderingEngine.java:737)
	at org.eclipse.e4.ui.internal.workbench.swt.PartRenderingEngine$7.run(PartRenderingEngine.java:731)
	at org.eclipse.core.runtime.SafeRunner.run(SafeRunner.java:42)
	at org.eclipse.e4.ui.internal.workbench.swt.PartRenderingEngine.createGui(PartRenderingEngine.java:715)
	at org.eclipse.e4.ui.workbench.renderers.swt.PerspectiveStackRenderer.showTab(PerspectiveStackRenderer.java:103)
	at org.eclipse.e4.ui.workbench.renderers.swt.LazyStackRenderer.postProcess(LazyStackRenderer.java:103)
	at org.eclipse.e4.ui.workbench.renderers.swt.PerspectiveStackRenderer.postProcess(PerspectiveStackRenderer.java:77)
	at org.eclipse.e4.ui.internal.workbench.swt.PartRenderingEngine.safeCreateGui(PartRenderingEngine.java:678)
	at org.eclipse.e4.ui.internal.workbench.swt.PartRenderingEngine.safeCreateGui(PartRenderingEngine.java:766)
	at org.eclipse.e4.ui.internal.workbench.swt.PartRenderingEngine.access$2(PartRenderingEngine.java:737)
	at org.eclipse.e4.ui.internal.workbench.swt.PartRenderingEngine$7.run(PartRenderingEngine.java:731)
	at org.eclipse.core.runtime.SafeRunner.run(SafeRunner.java:42)
	at org.eclipse.e4.ui.internal.workbench.swt.PartRenderingEngine.createGui(PartRenderingEngine.java:715)
	at org.eclipse.e4.ui.workbench.renderers.swt.SWTPartRenderer.processContents(SWTPartRenderer.java:69)
	at org.eclipse.e4.ui.workbench.renderers.swt.SashRenderer.processContents(SashRenderer.java:185)
	at org.eclipse.e4.ui.internal.workbench.swt.PartRenderingEngine.safeCreateGui(PartRenderingEngine.java:674)
	at org.eclipse.e4.ui.internal.workbench.swt.PartRenderingEngine.safeCreateGui(PartRenderingEngine.java:766)
	at org.eclipse.e4.ui.internal.workbench.swt.PartRenderingEngine.access$2(PartRenderingEngine.java:737)
	at org.eclipse.e4.ui.internal.workbench.swt.PartRenderingEngine$7.run(PartRenderingEngine.java:731)
	at org.eclipse.core.runtime.SafeRunner.run(SafeRunner.java:42)
	at org.eclipse.e4.ui.internal.workbench.swt.PartRenderingEngine.createGui(PartRenderingEngine.java:715)
	at org.eclipse.e4.ui.workbench.renderers.swt.SWTPartRenderer.processContents(SWTPartRenderer.java:69)
	at org.eclipse.e4.ui.workbench.renderers.swt.WBWRenderer.processContents(WBWRenderer.java:663)
	at org.eclipse.e4.ui.internal.workbench.swt.PartRenderingEngine.safeCreateGui(PartRenderingEngine.java:674)
	at org.eclipse.e4.ui.internal.workbench.swt.PartRenderingEngine.safeCreateGui(PartRenderingEngine.java:766)
	at org.eclipse.e4.ui.internal.workbench.swt.PartRenderingEngine.access$2(PartRenderingEngine.java:737)
	at org.eclipse.e4.ui.internal.workbench.swt.PartRenderingEngine$7.run(PartRenderingEngine.java:731)
	at org.eclipse.core.runtime.SafeRunner.run(SafeRunner.java:42)
	at org.eclipse.e4.ui.internal.workbench.swt.PartRenderingEngine.createGui(PartRenderingEngine.java:715)
	at org.eclipse.e4.ui.internal.workbench.swt.PartRenderingEngine$9.run(PartRenderingEngine.java:1078)
	at org.eclipse.core.databinding.observable.Realm.runWithDefault(Realm.java:332)
	at org.eclipse.e4.ui.internal.workbench.swt.PartRenderingEngine.run(PartRenderingEngine.java:1032)
	at org.eclipse.e4.ui.internal.workbench.E4Workbench.createAndRunUI(E4Workbench.java:148)
	at org.eclipse.ui.internal.Workbench$5.run(Workbench.java:636)
	at org.eclipse.core.databinding.observable.Realm.runWithDefault(Realm.java:332)
	at org.eclipse.ui.internal.Workbench.createAndRunWorkbench(Workbench.java:579)
	at org.eclipse.ui.PlatformUI.createAndRunWorkbench(PlatformUI.java:150)
	at org.eclipse.ui.internal.ide.application.IDEApplication.start(IDEApplication.java:135)
	at org.eclipse.equinox.internal.app.EclipseAppHandle.run(EclipseAppHandle.java:196)
	at org.eclipse.core.runtime.internal.adaptor.EclipseAppLauncher.runApplication(EclipseAppLauncher.java:134)
	at org.eclipse.core.runtime.internal.adaptor.EclipseAppLauncher.start(EclipseAppLauncher.java:104)
	at org.eclipse.core.runtime.adaptor.EclipseStarter.run(EclipseStarter.java:380)
	at org.eclipse.core.runtime.adaptor.EclipseStarter.run(EclipseStarter.java:235)
	at sun.reflect.NativeMethodAccessorImpl.invoke0(Native Method)
	at sun.reflect.NativeMethodAccessorImpl.invoke(NativeMethodAccessorImpl.java:62)
	at sun.reflect.DelegatingMethodAccessorImpl.invoke(DelegatingMethodAccessorImpl.java:43)
	at java.lang.reflect.Method.invoke(Method.java:498)
	at org.eclipse.equinox.launcher.Main.invokeFramework(Main.java:648)
	at org.eclipse.equinox.launcher.Main.basicRun(Main.java:603)
	at org.eclipse.equinox.launcher.Main.run(Main.java:1465)
Caused by: com.cedarsoftware.util.io.JsonIoException: EOF reached prematurely
	at com.cedarsoftware.util.io.JsonParser.error(JsonParser.java:584)
	at com.cedarsoftware.util.io.JsonParser.readValue(JsonParser.java:278)
	at com.cedarsoftware.util.io.JsonReader.readObject(JsonReader.java:521)
	... 151 more
2016-11-17 23:35:20,502  WARN [main] - org.scala-ide.sdt.core - org.scala-ide.sdt.core - org.scala-ide.sdt.core - 0 - Preference scala.compiler.sourceLevel was uninitialized for progfun1-example, setting default to 2.11.
2016-11-17 23:35:20,505  WARN [main] - org.scala-ide.sdt.core - org.scala-ide.sdt.core - org.scala-ide.sdt.core - 0 - Preference scala.compiler.installation was uninitialized for progfun1-example, setting default to 2.11.
2016-11-18 00:09:43,145 ERROR [Text Viewer Hover Presenter] - IScalaPresentationCompiler$ - Ignoring InterruptException
2016-11-18 00:09:43,151 ERROR [Text Viewer Hover Presenter] - IScalaPresentationCompiler$ - Ignoring InterruptException
2016-11-18 00:09:43,152 ERROR [Text Viewer Hover Presenter] - IScalaPresentationCompiler$ - Ignoring InterruptException
2016-11-18 00:09:43,152 ERROR [Text Viewer Hover Presenter] - IScalaPresentationCompiler$ - Ignoring InterruptException
2016-11-18 00:09:43,153 ERROR [Text Viewer Hover Presenter] - IScalaPresentationCompiler$ - Ignoring InterruptException
2016-11-18 00:09:43,153 ERROR [Text Viewer Hover Presenter] - IScalaPresentationCompiler$ - Ignoring InterruptException
2016-11-18 00:09:43,157 ERROR [Text Viewer Hover Presenter] - IScalaPresentationCompiler$ - Ignoring InterruptException
2016-11-18 00:09:43,159 ERROR [Text Viewer Hover Presenter] - IScalaPresentationCompiler$ - Ignoring InterruptException
2016-11-18 00:12:22,681 ERROR [Worker-10] - System.err - SLF4J: Failed to load class "org.slf4j.impl.StaticLoggerBinder".
2016-11-18 00:12:22,681 ERROR [Worker-10] - System.err - SLF4J: Defaulting to no-operation (NOP) logger implementation
2016-11-18 00:12:22,682 ERROR [Worker-10] - System.err - SLF4J: See http://www.slf4j.org/codes.html#StaticLoggerBinder for further details.
2016-11-19 00:41:42,805  WARN [org.scalaide.ui.internal.reconciliation.ScalaReconciler] - CallByNameParamAtCreationPresenter - Timeout while waiting for `askLoadedTyped` during semantic highlighting.
2016-11-19 00:48:26,553  WARN [ModalContext] - ScalaProject - Project wk1 has platform default sourceLevel.
2016-11-19 00:48:26,568  WARN [ModalContext] - ScalaProject - Project wk1 runs on platform default installation.
2016-11-19 00:48:27,475  WARN [Worker-55] - ScalaProject - Project wk1 has platform default sourceLevel.
2016-11-19 00:48:27,475  WARN [Worker-55] - ScalaProject - Project wk1 runs on platform default installation.
2016-11-19 00:48:54,709  WARN [Worker-56] - ScalaProject - Project wk1 has platform default sourceLevel.
2016-11-19 00:48:54,709  WARN [Worker-56] - ScalaProject - Project wk1 runs on platform default installation.
2016-11-19 00:48:57,022  WARN [org.eclipse.jface.text.reconciler.MonoReconciler] - ScalaProject - Project wk1 has platform default sourceLevel.
2016-11-19 00:48:57,022  WARN [org.eclipse.jface.text.reconciler.MonoReconciler] - ScalaProject - Project wk1 runs on platform default installation.
2016-11-19 00:50:07,473 ERROR [Text Viewer Hover Presenter] - IScalaPresentationCompiler$ - Ignoring InterruptException
2016-11-19 00:50:07,473 ERROR [Text Viewer Hover Presenter] - IScalaPresentationCompiler$ - Ignoring InterruptException
2016-11-19 00:51:09,726  WARN [Worker-57] - ScalaProject - Project wk1 has platform default sourceLevel.
2016-11-19 00:51:09,726  WARN [Worker-57] - ScalaProject - Project wk1 runs on platform default installation.
2016-11-19 00:51:55,776  WARN [Worker-48] - ScalaProject - Project wk1 has platform default sourceLevel.
2016-11-19 00:51:55,776  WARN [Worker-48] - ScalaProject - Project wk1 runs on platform default installation.
2016-11-19 00:52:15,450  WARN [Worker-58] - ScalaProject - Project wk1 has platform default sourceLevel.
2016-11-19 00:52:15,450  WARN [Worker-58] - ScalaProject - Project wk1 runs on platform default installation.
2016-11-19 00:53:30,975  WARN [Worker-48] - ScalaProject - Project wk1 has platform default sourceLevel.
2016-11-19 00:53:30,975  WARN [Worker-48] - ScalaProject - Project wk1 runs on platform default installation.
2016-11-19 00:54:18,660  WARN [Worker-61] - ScalaProject - Project wk1 has platform default sourceLevel.
2016-11-19 00:54:18,660  WARN [Worker-61] - ScalaProject - Project wk1 runs on platform default installation.
2016-11-19 00:54:20,160  WARN [Worker-62] - ScalaProject - Project wk1 has platform default sourceLevel.
2016-11-19 00:54:20,160  WARN [Worker-62] - ScalaProject - Project wk1 runs on platform default installation.
2016-11-19 00:55:06,176  WARN [Worker-48] - ScalaProject - Project wk1 has platform default sourceLevel.
2016-11-19 00:55:06,176  WARN [Worker-48] - ScalaProject - Project wk1 runs on platform default installation.
2016-11-19 00:55:10,925  WARN [Worker-62] - ScalaProject - Project wk1 has platform default sourceLevel.
2016-11-19 00:55:10,925  WARN [Worker-62] - ScalaProject - Project wk1 runs on platform default installation.
2016-11-19 00:55:28,395  WARN [Worker-60] - ScalaProject - Project wk1 has platform default sourceLevel.
2016-11-19 00:55:28,400  WARN [Worker-60] - ScalaProject - Project wk1 runs on platform default installation.
2016-11-19 00:55:31,459  WARN [Worker-63] - ScalaProject - Project wk1 has platform default sourceLevel.
2016-11-19 00:55:31,459  WARN [Worker-63] - ScalaProject - Project wk1 runs on platform default installation.
2016-11-19 00:56:10,127  WARN [Worker-60] - ScalaProject - Project wk1 has platform default sourceLevel.
2016-11-19 00:56:10,127  WARN [Worker-60] - ScalaProject - Project wk1 runs on platform default installation.
2016-11-19 00:56:12,459  WARN [Worker-60] - ScalaProject - Project wk1 has platform default sourceLevel.
2016-11-19 00:56:12,459  WARN [Worker-60] - ScalaProject - Project wk1 runs on platform default installation.
2016-11-19 00:56:47,630  WARN [Worker-64] - ScalaProject - Project wk1 has platform default sourceLevel.
2016-11-19 00:56:47,630  WARN [Worker-64] - ScalaProject - Project wk1 runs on platform default installation.
2016-11-19 00:56:50,250  WARN [Worker-62] - ScalaProject - Project wk1 has platform default sourceLevel.
2016-11-19 00:56:50,250  WARN [Worker-62] - ScalaProject - Project wk1 runs on platform default installation.
2016-11-19 00:57:09,526  WARN [Worker-63] - ScalaProject - Project wk1 has platform default sourceLevel.
2016-11-19 00:57:09,526  WARN [Worker-63] - ScalaProject - Project wk1 runs on platform default installation.
2016-11-19 00:57:10,662  WARN [Worker-60] - ScalaProject - Project wk1 has platform default sourceLevel.
2016-11-19 00:57:10,662  WARN [Worker-60] - ScalaProject - Project wk1 runs on platform default installation.
2016-11-19 00:57:19,058  WARN [Worker-60] - ScalaProject - Project wk1 has platform default sourceLevel.
2016-11-19 00:57:19,058  WARN [Worker-60] - ScalaProject - Project wk1 runs on platform default installation.
2016-11-19 00:57:21,634  WARN [Worker-60] - ScalaProject - Project wk1 has platform default sourceLevel.
2016-11-19 00:57:21,634  WARN [Worker-60] - ScalaProject - Project wk1 runs on platform default installation.
2016-11-19 00:59:08,149  WARN [Worker-60] - ScalaProject - Project wk1 has platform default sourceLevel.
2016-11-19 00:59:08,150  WARN [Worker-60] - ScalaProject - Project wk1 runs on platform default installation.
2016-11-19 00:59:10,725  WARN [Worker-48] - ScalaProject - Project wk1 has platform default sourceLevel.
2016-11-19 00:59:10,725  WARN [Worker-48] - ScalaProject - Project wk1 runs on platform default installation.
2016-11-21 13:24:22,120  WARN [Worker-139] - ScalaProject - Project wk1 has platform default sourceLevel.
2016-11-21 13:24:22,219  WARN [Worker-139] - ScalaProject - Project wk1 runs on platform default installation.
2016-11-21 13:25:01,324  WARN [main] - ScalaProject - Project wk1 has platform default sourceLevel.
2016-11-21 13:25:01,324  WARN [main] - ScalaProject - Project wk1 runs on platform default installation.
2016-11-21 13:25:10,152  WARN [Worker-137] - ScalaProject - Project wk1 has platform default sourceLevel.
2016-11-21 13:25:10,152  WARN [Worker-137] - ScalaProject - Project wk1 runs on platform default installation.
2016-11-21 13:25:10,850  WARN [Java indexing] - ScalaProject - Project wk1 has platform default sourceLevel.
2016-11-21 13:25:10,851  WARN [Java indexing] - ScalaProject - Project wk1 runs on platform default installation.
2016-11-21 13:25:41,110  WARN [Worker-138] - ScalaProject - Project wk1 has platform default sourceLevel.
2016-11-21 13:25:41,110  WARN [Worker-138] - ScalaProject - Project wk1 runs on platform default installation.
2016-11-21 17:37:01,483  WARN [ModalContext] - ScalaProject - Project recfun has platform default sourceLevel.
2016-11-21 17:37:01,483  WARN [ModalContext] - ScalaProject - Project recfun runs on platform default installation.
2016-11-21 17:37:01,780  WARN [ModalContext] - ScalaProject - Project recfun has platform default sourceLevel.
2016-11-21 17:37:01,780  WARN [ModalContext] - ScalaProject - Project recfun runs on platform default installation.
2016-11-21 17:41:20,756  WARN [main] - ScalaProject - Project wk1 has platform default sourceLevel.
2016-11-21 17:41:20,756  WARN [main] - ScalaProject - Project wk1 runs on platform default installation.
2016-11-21 19:31:51,970  WARN [org.scalaide.ui.internal.reconciliation.ScalaReconciler] - ImplicitHighlightingPresenter - Timeout while waiting for `askLoadedTyped` during semantic highlighting.
2016-11-21 19:37:12,449 ERROR [Text Viewer Hover Presenter] - IScalaPresentationCompiler$ - Ignoring InterruptException
2016-11-21 19:37:12,449 ERROR [Text Viewer Hover Presenter] - IScalaPresentationCompiler$ - Ignoring InterruptException
2016-11-21 19:37:12,450 ERROR [Text Viewer Hover Presenter] - IScalaPresentationCompiler$ - Ignoring InterruptException
2016-11-21 19:37:51,618  WARN [org.scalaide.ui.internal.reconciliation.ScalaReconciler] - CallByNameParamAtCreationPresenter - Timeout while waiting for `askLoadedTyped` during semantic highlighting.
2016-11-21 19:43:32,377 ERROR [Text Viewer Hover Presenter] - IScalaPresentationCompiler$ - Ignoring InterruptException
2016-11-21 19:43:32,377 ERROR [Text Viewer Hover Presenter] - IScalaPresentationCompiler$ - Ignoring InterruptException
2016-11-21 19:43:32,378 ERROR [Text Viewer Hover Presenter] - IScalaPresentationCompiler$ - Ignoring InterruptException
2016-11-21 19:50:30,944 ERROR [Text Viewer Hover Presenter] - IScalaPresentationCompiler$ - Ignoring InterruptException
2016-11-21 19:50:30,963 ERROR [Text Viewer Hover Presenter] - IScalaPresentationCompiler$ - Ignoring InterruptException
2016-11-21 19:50:30,964 ERROR [Text Viewer Hover Presenter] - IScalaPresentationCompiler$ - Ignoring InterruptException
2016-11-21 19:50:30,964 ERROR [Text Viewer Hover Presenter] - IScalaPresentationCompiler$ - Ignoring InterruptException
2016-11-21 20:23:07,807 ERROR [Text Viewer Hover Presenter] - IScalaPresentationCompiler$ - Ignoring InterruptException
2016-11-21 20:23:07,808 ERROR [Text Viewer Hover Presenter] - IScalaPresentationCompiler$ - Ignoring InterruptException
2016-11-21 20:23:07,808 ERROR [Text Viewer Hover Presenter] - IScalaPresentationCompiler$ - Ignoring InterruptException
2016-11-21 20:23:15,335 ERROR [Text Viewer Hover Presenter] - IScalaPresentationCompiler$ - Ignoring InterruptException
2016-11-21 20:23:15,335 ERROR [Text Viewer Hover Presenter] - IScalaPresentationCompiler$ - Ignoring InterruptException
2016-11-21 20:23:15,336 ERROR [Text Viewer Hover Presenter] - IScalaPresentationCompiler$ - Ignoring InterruptException
2016-11-21 20:24:49,379  WARN [org.scalaide.ui.internal.reconciliation.ScalaReconciler] - CallByNameParamAtCreationPresenter - Timeout while waiting for `askLoadedTyped` during semantic highlighting.
2016-11-21 20:39:57,070 ERROR [Text Viewer Hover Presenter] - IScalaPresentationCompiler$ - Ignoring InterruptException
2016-11-21 20:39:57,071 ERROR [Text Viewer Hover Presenter] - IScalaPresentationCompiler$ - Ignoring InterruptException
2016-11-21 20:39:57,071 ERROR [Text Viewer Hover Presenter] - IScalaPresentationCompiler$ - Ignoring InterruptException
2016-11-21 21:09:33,078 ERROR [Text Viewer Hover Presenter] - IScalaPresentationCompiler$ - Ignoring InterruptException
2016-11-21 21:09:33,078 ERROR [Text Viewer Hover Presenter] - IScalaPresentationCompiler$ - Ignoring InterruptException
2016-11-25 02:47:40,009  WARN [Worker-2] - ScalaProject - Project wk1 has platform default sourceLevel.
2016-11-25 02:47:40,043  WARN [Worker-2] - ScalaProject - Project wk1 runs on platform default installation.
2016-11-25 02:47:41,492  WARN [main] - org.scala-ide.sdt.core - org.scala-ide.sdt.core - org.scala-ide.sdt.core - 0 - Preference scala.compiler.sourceLevel was uninitialized for recfun, setting default to 2.11.
2016-11-25 02:47:42,395  WARN [main] - org.scala-ide.sdt.core - org.scala-ide.sdt.core - org.scala-ide.sdt.core - 0 - Preference scala.compiler.installation was uninitialized for recfun, setting default to 2.11.
2016-11-26 14:57:37,138  WARN [ModalContext] - ScalaProject - Project progfun1-funsets has platform default sourceLevel.
2016-11-26 14:57:37,150  WARN [ModalContext] - ScalaProject - Project progfun1-funsets runs on platform default installation.
2016-11-26 14:57:37,831  WARN [ModalContext] - ScalaProject - Project progfun1-funsets has platform default sourceLevel.
2016-11-26 14:57:37,832  WARN [ModalContext] - ScalaProject - Project progfun1-funsets runs on platform default installation.
2016-11-26 15:01:23,783  WARN [org.scalaide.ui.internal.reconciliation.ScalaReconciler] - ImplicitHighlightingPresenter - Timeout while waiting for `askLoadedTyped` during semantic highlighting.
2016-11-26 16:51:07,997 ERROR [Worker-31] - System.err - SLF4J: Failed to load class "org.slf4j.impl.StaticLoggerBinder".
2016-11-26 16:51:07,998 ERROR [Worker-31] - System.err - SLF4J: Defaulting to no-operation (NOP) logger implementation
2016-11-26 16:51:07,998 ERROR [Worker-31] - System.err - SLF4J: See http://www.slf4j.org/codes.html#StaticLoggerBinder for further details.
2016-11-26 17:05:54,101 ERROR [Text Viewer Hover Presenter] - IScalaPresentationCompiler$ - Ignoring InterruptException
2016-11-26 17:05:54,101 ERROR [Text Viewer Hover Presenter] - IScalaPresentationCompiler$ - Ignoring InterruptException
2016-11-26 17:05:54,101 ERROR [Text Viewer Hover Presenter] - IScalaPresentationCompiler$ - Ignoring InterruptException
2016-11-26 17:07:47,218 ERROR [Text Viewer Hover Presenter] - IScalaPresentationCompiler$ - Ignoring InterruptException
2016-11-26 17:08:49,099 ERROR [main] - org.scala-ide.sdt.core - org.scala-ide.sdt.core - org.scala-ide.sdt.core - 0 - Throwable during asyncExec
scala.reflect.internal.FatalError: ThisType(value <local FunSetSuite>) for sym which is not a class
	at scala.reflect.internal.Reporting$class.abort(Reporting.scala:59)
	at scala.reflect.internal.SymbolTable.abort(SymbolTable.scala:16)
	at scala.reflect.internal.Types$ThisType.<init>(Types.scala:1167)
	at scala.reflect.internal.Types$UniqueThisType.<init>(Types.scala:1187)
	at scala.reflect.internal.Types$ThisType$.apply(Types.scala:1191)
	at scala.tools.nsc.interactive.Global.scala$tools$nsc$interactive$Global$$findMirrorSymbol(Global.scala:875)
	at scala.tools.nsc.interactive.Global$$anonfun$getDocComment$2$$anonfun$apply$16$$anonfun$apply$18.apply(Global.scala:948)
	at scala.tools.nsc.interactive.Global$$anonfun$getDocComment$2$$anonfun$apply$16$$anonfun$apply$18.apply(Global.scala:947)
	at scala.collection.TraversableLike$WithFilter$$anonfun$foreach$1.apply(TraversableLike.scala:733)
	at scala.collection.immutable.List.foreach(List.scala:381)
	at scala.collection.TraversableLike$WithFilter.foreach(TraversableLike.scala:732)
	at scala.tools.nsc.interactive.Global$$anonfun$getDocComment$2$$anonfun$apply$16.apply(Global.scala:947)
	at scala.tools.nsc.interactive.Global$$anonfun$getDocComment$2$$anonfun$apply$16.apply(Global.scala:946)
	at scala.tools.nsc.interactive.Global.scala$tools$nsc$interactive$Global$$withTempUnits(Global.scala:855)
	at scala.tools.nsc.interactive.Global$$anonfun$getDocComment$2.apply(Global.scala:946)
	at scala.tools.nsc.interactive.Global$$anonfun$getDocComment$2.apply(Global.scala:946)
	at scala.tools.nsc.interactive.Global$$anonfun$respond$1.apply(Global.scala:701)
	at scala.tools.nsc.interactive.Global$$anonfun$respond$1.apply(Global.scala:701)
	at scala.tools.nsc.interactive.Global.respondGradually(Global.scala:708)
	at scala.tools.nsc.interactive.Global.respond(Global.scala:701)
	at scala.tools.nsc.interactive.Global.getDocComment(Global.scala:945)
	at scala.tools.nsc.interactive.CompilerControl$AskDocCommentItem.apply$mcV$sp(CompilerControl.scala:383)
	at scala.tools.nsc.interactive.Global$$anonfun$pollForWork$1.apply$mcV$sp(Global.scala:506)
	at scala.util.control.Breaks.breakable(Breaks.scala:38)
	at scala.tools.nsc.interactive.Global.pollForWork(Global.scala:431)
	at scala.tools.nsc.interactive.Global.checkForMoreWork(Global.scala:520)
	at scala.tools.nsc.interactive.Global.signalDone(Global.scala:361)
	at scala.tools.nsc.typechecker.Typers$Typer.runTyper$1(Typers.scala:5418)
	at scala.tools.nsc.typechecker.Typers$Typer.scala$tools$nsc$typechecker$Typers$Typer$$typedInternal(Typers.scala:5423)
	at scala.tools.nsc.typechecker.Typers$Typer.body$2(Typers.scala:5370)
	at scala.tools.nsc.typechecker.Typers$Typer.typed(Typers.scala:5374)
	at scala.tools.nsc.typechecker.Typers$Typer.transformedOrTyped(Typers.scala:5605)
	at scala.tools.nsc.typechecker.Typers$Typer.typedDefDef(Typers.scala:2208)
	at scala.tools.nsc.typechecker.Typers$Typer.typedMemberDef$1(Typers.scala:5308)
	at scala.tools.nsc.typechecker.Typers$Typer.typed1(Typers.scala:5359)
	at scala.tools.nsc.typechecker.Typers$Typer.runTyper$1(Typers.scala:5396)
	at scala.tools.nsc.typechecker.Typers$Typer.scala$tools$nsc$typechecker$Typers$Typer$$typedInternal(Typers.scala:5423)
	at scala.tools.nsc.typechecker.Typers$Typer.body$2(Typers.scala:5370)
	at scala.tools.nsc.typechecker.Typers$Typer.typed(Typers.scala:5374)
	at scala.tools.nsc.typechecker.Typers$Typer.typedDocDef(Typers.scala:132)
	at org.scalaide.core.internal.compiler.InteractiveScaladocAnalyzer$$anon$1.scala$tools$nsc$doc$ScaladocAnalyzer$ScaladocTyper$$super$typedDocDef(ScaladocGlobalCompatibilityTrait.scala:10)
	at scala.tools.nsc.doc.ScaladocAnalyzer$ScaladocTyper$class.typedDocDef(ScaladocAnalyzer.scala:52)
	at org.scalaide.core.internal.compiler.InteractiveScaladocAnalyzer$$anon$1.typedDocDef(ScaladocGlobalCompatibilityTrait.scala:10)
	at scala.tools.nsc.typechecker.Typers$Typer.typedOutsidePatternMode$1(Typers.scala:5335)
	at scala.tools.nsc.typechecker.Typers$Typer.typedInAnyMode$1(Typers.scala:5353)
	at scala.tools.nsc.typechecker.Typers$Typer.typed1(Typers.scala:5360)
	at scala.tools.nsc.typechecker.Typers$Typer.runTyper$1(Typers.scala:5396)
	at scala.tools.nsc.typechecker.Typers$Typer.scala$tools$nsc$typechecker$Typers$Typer$$typedInternal(Typers.scala:5423)
	at scala.tools.nsc.typechecker.Typers$Typer.body$2(Typers.scala:5370)
	at scala.tools.nsc.typechecker.Typers$Typer.typed(Typers.scala:5374)
	at scala.tools.nsc.typechecker.Typers$Typer.typedByValueExpr(Typers.scala:5452)
	at scala.tools.nsc.typechecker.Typers$Typer.scala$tools$nsc$typechecker$Typers$Typer$$typedStat$1(Typers.scala:3047)
	at scala.tools.nsc.typechecker.Typers$Typer$$anonfun$65.apply(Typers.scala:3151)
	at scala.tools.nsc.typechecker.Typers$Typer$$anonfun$65.apply(Typers.scala:3151)
	at scala.collection.immutable.List.loop$1(List.scala:173)
	at scala.collection.immutable.List.mapConserve(List.scala:189)
	at scala.tools.nsc.typechecker.Typers$Typer.typedStats(Typers.scala:3151)
	at scala.tools.nsc.typechecker.Typers$Typer.typedTemplate(Typers.scala:1921)
	at scala.tools.nsc.typechecker.Typers$Typer.typedModuleDef(Typers.scala:1808)
	at scala.tools.nsc.typechecker.Typers$Typer.typedMemberDef$1(Typers.scala:5310)
	at scala.tools.nsc.typechecker.Typers$Typer.typed1(Typers.scala:5359)
	at scala.tools.nsc.typechecker.Typers$Typer.runTyper$1(Typers.scala:5396)
	at scala.tools.nsc.typechecker.Typers$Typer.scala$tools$nsc$typechecker$Typers$Typer$$typedInternal(Typers.scala:5423)
	at scala.tools.nsc.typechecker.Typers$Typer.body$2(Typers.scala:5370)
	at scala.tools.nsc.typechecker.Typers$Typer.typed(Typers.scala:5374)
	at scala.tools.nsc.typechecker.Typers$Typer.typedDocDef(Typers.scala:132)
	at org.scalaide.core.internal.compiler.InteractiveScaladocAnalyzer$$anon$1.scala$tools$nsc$doc$ScaladocAnalyzer$ScaladocTyper$$super$typedDocDef(ScaladocGlobalCompatibilityTrait.scala:10)
	at scala.tools.nsc.doc.ScaladocAnalyzer$ScaladocTyper$class.typedDocDef(ScaladocAnalyzer.scala:52)
	at org.scalaide.core.internal.compiler.InteractiveScaladocAnalyzer$$anon$1.typedDocDef(ScaladocGlobalCompatibilityTrait.scala:10)
	at scala.tools.nsc.typechecker.Typers$Typer.typedOutsidePatternMode$1(Typers.scala:5335)
	at scala.tools.nsc.typechecker.Typers$Typer.typedInAnyMode$1(Typers.scala:5353)
	at scala.tools.nsc.typechecker.Typers$Typer.typed1(Typers.scala:5360)
	at scala.tools.nsc.typechecker.Typers$Typer.runTyper$1(Typers.scala:5396)
	at scala.tools.nsc.typechecker.Typers$Typer.scala$tools$nsc$typechecker$Typers$Typer$$typedInternal(Typers.scala:5423)
	at scala.tools.nsc.typechecker.Typers$Typer.body$2(Typers.scala:5370)
	at scala.tools.nsc.typechecker.Typers$Typer.typed(Typers.scala:5374)
	at scala.tools.nsc.typechecker.Typers$Typer.typedByValueExpr(Typers.scala:5452)
	at scala.tools.nsc.typechecker.Typers$Typer.scala$tools$nsc$typechecker$Typers$Typer$$typedStat$1(Typers.scala:3047)
	at scala.tools.nsc.typechecker.Typers$Typer$$anonfun$65.apply(Typers.scala:3151)
	at scala.tools.nsc.typechecker.Typers$Typer$$anonfun$65.apply(Typers.scala:3151)
	at scala.collection.immutable.List.loop$1(List.scala:173)
	at scala.collection.immutable.List.mapConserve(List.scala:189)
	at scala.tools.nsc.typechecker.Typers$Typer.typedStats(Typers.scala:3151)
	at scala.tools.nsc.typechecker.Typers$Typer.typedPackageDef$1(Typers.scala:5015)
	at scala.tools.nsc.typechecker.Typers$Typer.typedMemberDef$1(Typers.scala:5312)
	at scala.tools.nsc.typechecker.Typers$Typer.typed1(Typers.scala:5359)
	at scala.tools.nsc.typechecker.Typers$Typer.runTyper$1(Typers.scala:5396)
	at scala.tools.nsc.typechecker.Typers$Typer.scala$tools$nsc$typechecker$Typers$Typer$$typedInternal(Typers.scala:5423)
	at scala.tools.nsc.typechecker.Typers$Typer.body$2(Typers.scala:5370)
	at scala.tools.nsc.typechecker.Typers$Typer.typed(Typers.scala:5374)
	at scala.tools.nsc.typechecker.Typers$Typer.typed(Typers.scala:5448)
	at scala.tools.nsc.typechecker.Analyzer$typerFactory$$anon$3.apply(Analyzer.scala:102)
	at scala.tools.nsc.Global$GlobalPhase$$anonfun$applyPhase$1.apply$mcV$sp(Global.scala:440)
	at scala.tools.nsc.Global$GlobalPhase.withCurrentUnit(Global.scala:431)
	at scala.tools.nsc.Global$GlobalPhase.applyPhase(Global.scala:440)
	at scala.tools.nsc.interactive.Global$TyperRun$$anonfun$applyPhase$1.apply(Global.scala:1338)
	at scala.tools.nsc.interactive.Global$TyperRun$$anonfun$applyPhase$1.apply(Global.scala:1338)
	at scala.reflect.internal.SymbolTable.enteringPhase(SymbolTable.scala:235)
	at scala.tools.nsc.interactive.Global$TyperRun.applyPhase(Global.scala:1338)
	at scala.tools.nsc.interactive.Global$TyperRun.typeCheck(Global.scala:1331)
	at scala.tools.nsc.interactive.Global.typeCheck(Global.scala:670)
	at scala.tools.nsc.interactive.Global$$anonfun$backgroundCompile$5$$anonfun$apply$8.apply(Global.scala:585)
	at scala.tools.nsc.interactive.Global$$anonfun$backgroundCompile$5.apply(Global.scala:581)
	at scala.tools.nsc.interactive.Global$$anonfun$backgroundCompile$5.apply(Global.scala:581)
	at scala.collection.TraversableLike$WithFilter$$anonfun$foreach$1.apply(TraversableLike.scala:733)
	at scala.collection.immutable.List.foreach(List.scala:381)
	at scala.collection.TraversableLike$WithFilter.foreach(TraversableLike.scala:732)
	at scala.tools.nsc.interactive.Global.backgroundCompile(Global.scala:581)
	at scala.tools.nsc.interactive.PresentationCompilerThread.run(PresentationCompilerThread.scala:25)
2016-11-26 17:15:51,682 ERROR [Text Viewer Hover Presenter] - IScalaPresentationCompiler$ - Ignoring InterruptException
2016-11-26 17:15:51,683 ERROR [Text Viewer Hover Presenter] - IScalaPresentationCompiler$ - Ignoring InterruptException
2016-11-26 17:15:51,683 ERROR [Text Viewer Hover Presenter] - IScalaPresentationCompiler$ - Ignoring InterruptException
2016-11-26 20:18:24,821 ERROR [Text Viewer Hover Presenter] - IScalaPresentationCompiler$ - Ignoring InterruptException
2016-11-26 20:44:32,841 ERROR [Text Viewer Hover Presenter] - IScalaPresentationCompiler$ - Ignoring InterruptException
2016-11-26 23:14:04,461  WARN [ModalContext] - ScalaProject - Project objsets has platform default sourceLevel.
2016-11-26 23:14:04,462  WARN [ModalContext] - ScalaProject - Project objsets runs on platform default installation.
2016-11-26 23:14:04,596  WARN [ModalContext] - ScalaProject - Project objsets has platform default sourceLevel.
2016-11-26 23:14:04,596  WARN [ModalContext] - ScalaProject - Project objsets runs on platform default installation.
2016-11-27 01:15:34,781 ERROR [org.scalaide.ui.internal.reconciliation.ScalaReconciler] - System.err - Exception in thread "org.scalaide.ui.internal.reconciliation.ScalaReconciler"
2016-11-27 01:15:34,879 ERROR [org.scalaide.ui.internal.reconciliation.ScalaReconciler] - System.err - java.lang.NullPointerException
2016-11-27 01:15:34,879 ERROR [org.scalaide.ui.internal.reconciliation.ScalaReconciler] - System.err - at org.scalaide.ui.internal.editor.outline.ScalaOutlineReconcilingStrategy.reconcile(ScalaOutlineReconcilingStrategy.scala:26)
2016-11-27 01:15:34,879 ERROR [org.scalaide.ui.internal.reconciliation.ScalaReconciler] - System.err - at org.eclipse.jdt.internal.ui.text.CompositeReconcilingStrategy.reconcile(CompositeReconcilingStrategy.java:86)
2016-11-27 01:15:34,888 ERROR [org.scalaide.ui.internal.reconciliation.ScalaReconciler] - System.err - at org.eclipse.jface.text.reconciler.MonoReconciler.process(MonoReconciler.java:77)
2016-11-27 01:15:34,888 ERROR [org.scalaide.ui.internal.reconciliation.ScalaReconciler] - System.err - at org.eclipse.jface.text.reconciler.AbstractReconciler$BackgroundThread.run(AbstractReconciler.java:206)
2016-11-27 01:15:55,393 ERROR [Text Viewer Hover Presenter] - IScalaPresentationCompiler$ - Ignoring InterruptException
2016-11-27 01:15:55,454 ERROR [Text Viewer Hover Presenter] - IScalaPresentationCompiler$ - Ignoring InterruptException
2016-11-27 01:15:55,454 ERROR [Text Viewer Hover Presenter] - IScalaPresentationCompiler$ - Ignoring InterruptException
2016-11-27 01:15:55,455 ERROR [Text Viewer Hover Presenter] - IScalaPresentationCompiler$ - Ignoring InterruptException
2016-11-27 14:49:22,068 ERROR [main] - org.scala-ide.sdt.core - org.scala-ide.sdt.core - org.scala-ide.sdt.core - 0 - Throwable during asyncExec
scala.reflect.internal.FatalError: ThisType(value <local FunSetSuite>) for sym which is not a class
	at scala.reflect.internal.Reporting$class.abort(Reporting.scala:59)
	at scala.reflect.internal.SymbolTable.abort(SymbolTable.scala:16)
	at scala.reflect.internal.Types$ThisType.<init>(Types.scala:1167)
	at scala.reflect.internal.Types$UniqueThisType.<init>(Types.scala:1187)
	at scala.reflect.internal.Types$ThisType$.apply(Types.scala:1191)
	at scala.tools.nsc.interactive.Global.scala$tools$nsc$interactive$Global$$findMirrorSymbol(Global.scala:875)
	at scala.tools.nsc.interactive.Global$$anonfun$getDocComment$2$$anonfun$apply$16$$anonfun$apply$18.apply(Global.scala:948)
	at scala.tools.nsc.interactive.Global$$anonfun$getDocComment$2$$anonfun$apply$16$$anonfun$apply$18.apply(Global.scala:947)
	at scala.collection.TraversableLike$WithFilter$$anonfun$foreach$1.apply(TraversableLike.scala:733)
	at scala.collection.immutable.List.foreach(List.scala:381)
	at scala.collection.TraversableLike$WithFilter.foreach(TraversableLike.scala:732)
	at scala.tools.nsc.interactive.Global$$anonfun$getDocComment$2$$anonfun$apply$16.apply(Global.scala:947)
	at scala.tools.nsc.interactive.Global$$anonfun$getDocComment$2$$anonfun$apply$16.apply(Global.scala:946)
	at scala.tools.nsc.interactive.Global.scala$tools$nsc$interactive$Global$$withTempUnits(Global.scala:855)
	at scala.tools.nsc.interactive.Global$$anonfun$getDocComment$2.apply(Global.scala:946)
	at scala.tools.nsc.interactive.Global$$anonfun$getDocComment$2.apply(Global.scala:946)
	at scala.tools.nsc.interactive.Global$$anonfun$respond$1.apply(Global.scala:701)
	at scala.tools.nsc.interactive.Global$$anonfun$respond$1.apply(Global.scala:701)
	at scala.tools.nsc.interactive.Global.respondGradually(Global.scala:708)
	at scala.tools.nsc.interactive.Global.respond(Global.scala:701)
	at scala.tools.nsc.interactive.Global.getDocComment(Global.scala:945)
	at scala.tools.nsc.interactive.CompilerControl$AskDocCommentItem.apply$mcV$sp(CompilerControl.scala:383)
	at scala.tools.nsc.interactive.Global$$anonfun$pollForWork$1.apply$mcV$sp(Global.scala:506)
	at scala.util.control.Breaks.breakable(Breaks.scala:38)
	at scala.tools.nsc.interactive.Global.pollForWork(Global.scala:431)
	at scala.tools.nsc.interactive.PresentationCompilerThread.run(PresentationCompilerThread.scala:22)
2016-11-27 19:22:33,261  WARN [Worker-0] - ScalaProject - Project wk1 has platform default sourceLevel.
2016-11-27 19:22:33,323  WARN [Worker-0] - ScalaProject - Project wk1 runs on platform default installation.
2016-11-27 19:23:03,818  WARN [main] - org.scala-ide.sdt.core - org.scala-ide.sdt.core - org.scala-ide.sdt.core - 0 - Preference scala.compiler.sourceLevel was uninitialized for recfun, setting default to 2.11.
2016-11-27 19:23:03,818  WARN [main] - org.scala-ide.sdt.core - org.scala-ide.sdt.core - org.scala-ide.sdt.core - 0 - Preference scala.compiler.installation was uninitialized for recfun, setting default to 2.11.
2016-11-27 19:23:05,243  WARN [Worker-1] - ScalaProject - Project wk1 has platform default sourceLevel.
2016-11-27 19:23:05,243  WARN [Worker-1] - ScalaProject - Project wk1 runs on platform default installation.
2016-11-27 19:23:05,272  WARN [Worker-1] - ScalaProject - Project wk1 has platform default sourceLevel.
2016-11-27 19:23:05,273  WARN [Worker-1] - ScalaProject - Project wk1 runs on platform default installation.
2016-11-27 19:23:31,999  WARN [org.scalaide.ui.internal.reconciliation.ScalaReconciler] - ImplicitHighlightingPresenter - Timeout while waiting for `askLoadedTyped` during semantic highlighting.
2016-11-27 19:39:49,320 ERROR [Text Viewer Hover Presenter] - IScalaPresentationCompiler$ - Ignoring InterruptException
2016-11-27 19:39:49,351 ERROR [Text Viewer Hover Presenter] - IScalaPresentationCompiler$ - Ignoring InterruptException
2016-11-27 19:39:49,351 ERROR [Text Viewer Hover Presenter] - IScalaPresentationCompiler$ - Ignoring InterruptException
2016-11-27 19:39:49,351 ERROR [Text Viewer Hover Presenter] - IScalaPresentationCompiler$ - Ignoring InterruptException
2016-11-27 19:44:27,934  WARN [org.scalaide.ui.internal.reconciliation.ScalaReconciler] - CallByNameParamAtCreationPresenter - Timeout while waiting for `askLoadedTyped` during semantic highlighting.
2016-11-27 19:46:56,760  WARN [org.scalaide.ui.internal.reconciliation.ScalaReconciler] - CallByNameParamAtCreationPresenter - Timeout while waiting for `askLoadedTyped` during semantic highlighting.
2016-11-27 19:54:36,441  WARN [org.scalaide.ui.internal.reconciliation.ScalaReconciler] - ImplicitHighlightingPresenter - Timeout while waiting for `askLoadedTyped` during semantic highlighting.
2016-11-27 21:39:04,240 ERROR [Text Viewer Hover Presenter] - IScalaPresentationCompiler$ - Ignoring InterruptException
2016-11-27 21:39:04,240 ERROR [Text Viewer Hover Presenter] - IScalaPresentationCompiler$ - Ignoring InterruptException
2016-11-27 21:39:04,240 ERROR [Text Viewer Hover Presenter] - IScalaPresentationCompiler$ - Ignoring InterruptException
2016-11-28 01:53:32,676 ERROR [Text Viewer Hover Presenter] - IScalaPresentationCompiler$ - Ignoring InterruptException
2016-11-28 01:53:32,678 ERROR [Text Viewer Hover Presenter] - IScalaPresentationCompiler$ - Ignoring InterruptException
2016-11-28 01:55:01,743 ERROR [Worker-10] - System.err - SLF4J: Failed to load class "org.slf4j.impl.StaticLoggerBinder".
2016-11-28 01:55:01,744 ERROR [Worker-10] - System.err - SLF4J: Defaulting to no-operation (NOP) logger implementation
2016-11-28 01:55:01,744 ERROR [Worker-10] - System.err - SLF4J: See http://www.slf4j.org/codes.html#StaticLoggerBinder for further details.
2016-11-28 02:19:34,636 ERROR [Text Viewer Hover Presenter] - IScalaPresentationCompiler$ - Ignoring InterruptException
2016-11-28 02:19:34,637 ERROR [Text Viewer Hover Presenter] - IScalaPresentationCompiler$ - Ignoring InterruptException
2016-11-28 02:19:34,637 ERROR [Text Viewer Hover Presenter] - IScalaPresentationCompiler$ - Ignoring InterruptException
2016-11-28 02:19:34,638 ERROR [Text Viewer Hover Presenter] - IScalaPresentationCompiler$ - Ignoring InterruptException
2016-11-28 02:19:34,638 ERROR [Text Viewer Hover Presenter] - IScalaPresentationCompiler$ - Ignoring InterruptException
2016-11-28 02:19:34,639 ERROR [Text Viewer Hover Presenter] - IScalaPresentationCompiler$ - Ignoring InterruptException
2016-11-28 02:19:34,639 ERROR [Text Viewer Hover Presenter] - IScalaPresentationCompiler$ - Ignoring InterruptException
2016-11-28 02:19:34,640 ERROR [Text Viewer Hover Presenter] - IScalaPresentationCompiler$ - Ignoring InterruptException
2016-11-28 02:30:45,432 ERROR [Text Viewer Hover Presenter] - IScalaPresentationCompiler$ - Ignoring InterruptException
2016-11-28 02:51:35,625 ERROR [Text Viewer Hover Presenter] - IScalaPresentationCompiler$ - Ignoring InterruptException
2016-11-28 02:51:35,627 ERROR [Text Viewer Hover Presenter] - IScalaPresentationCompiler$ - Ignoring InterruptException
2016-11-28 02:51:35,628 ERROR [Text Viewer Hover Presenter] - IScalaPresentationCompiler$ - Ignoring InterruptException
2016-11-28 03:02:50,174 ERROR [main] - IScalaPresentationCompiler$ - Ignoring InterruptException
2016-11-28 03:25:48,473 ERROR [main] - org.scala-ide.sdt.core - org.scala-ide.sdt.core - org.scala-ide.sdt.core - 0 - Throwable during asyncExec
scala.reflect.internal.FatalError: ThisType(value <local TweetSetSuite>) for sym which is not a class
	at scala.reflect.internal.Reporting$class.abort(Reporting.scala:59)
	at scala.reflect.internal.SymbolTable.abort(SymbolTable.scala:16)
	at scala.reflect.internal.Types$ThisType.<init>(Types.scala:1167)
	at scala.reflect.internal.Types$UniqueThisType.<init>(Types.scala:1187)
	at scala.reflect.internal.Types$ThisType$.apply(Types.scala:1191)
	at scala.tools.nsc.interactive.Global.scala$tools$nsc$interactive$Global$$findMirrorSymbol(Global.scala:875)
	at scala.tools.nsc.interactive.Global$$anonfun$getDocComment$2$$anonfun$apply$16$$anonfun$apply$18.apply(Global.scala:948)
	at scala.tools.nsc.interactive.Global$$anonfun$getDocComment$2$$anonfun$apply$16$$anonfun$apply$18.apply(Global.scala:947)
	at scala.collection.TraversableLike$WithFilter$$anonfun$foreach$1.apply(TraversableLike.scala:733)
	at scala.collection.immutable.List.foreach(List.scala:381)
	at scala.collection.TraversableLike$WithFilter.foreach(TraversableLike.scala:732)
	at scala.tools.nsc.interactive.Global$$anonfun$getDocComment$2$$anonfun$apply$16.apply(Global.scala:947)
	at scala.tools.nsc.interactive.Global$$anonfun$getDocComment$2$$anonfun$apply$16.apply(Global.scala:946)
	at scala.tools.nsc.interactive.Global.scala$tools$nsc$interactive$Global$$withTempUnits(Global.scala:855)
	at scala.tools.nsc.interactive.Global$$anonfun$getDocComment$2.apply(Global.scala:946)
	at scala.tools.nsc.interactive.Global$$anonfun$getDocComment$2.apply(Global.scala:946)
	at scala.tools.nsc.interactive.Global$$anonfun$respond$1.apply(Global.scala:701)
	at scala.tools.nsc.interactive.Global$$anonfun$respond$1.apply(Global.scala:701)
	at scala.tools.nsc.interactive.Global.respondGradually(Global.scala:708)
	at scala.tools.nsc.interactive.Global.respond(Global.scala:701)
	at scala.tools.nsc.interactive.Global.getDocComment(Global.scala:945)
	at scala.tools.nsc.interactive.CompilerControl$AskDocCommentItem.apply$mcV$sp(CompilerControl.scala:383)
	at scala.tools.nsc.interactive.Global$$anonfun$pollForWork$1.apply$mcV$sp(Global.scala:506)
	at scala.util.control.Breaks.breakable(Breaks.scala:38)
	at scala.tools.nsc.interactive.Global.pollForWork(Global.scala:431)
	at scala.tools.nsc.interactive.PresentationCompilerThread.run(PresentationCompilerThread.scala:22)
2016-11-28 03:29:15,498  WARN [main] - org.scala-ide.sdt.core - org.scala-ide.sdt.core - org.scala-ide.sdt.core - 0 - Preference scala.compiler.sourceLevel was uninitialized for objsets, setting default to 2.11.
2016-11-28 03:29:15,575  WARN [main] - org.scala-ide.sdt.core - org.scala-ide.sdt.core - org.scala-ide.sdt.core - 0 - Preference scala.compiler.installation was uninitialized for objsets, setting default to 2.11.
2016-11-28 03:29:15,703  WARN [Worker-5] - ScalaProject - Project wk1 has platform default sourceLevel.
2016-11-28 03:29:15,706  WARN [Worker-5] - ScalaProject - Project wk1 runs on platform default installation.
2016-11-28 03:29:17,108  WARN [org.scalaide.ui.internal.reconciliation.ScalaReconciler] - ImplicitHighlightingPresenter - Timeout while waiting for `askLoadedTyped` during semantic highlighting.
2016-11-28 03:29:18,602 ERROR [Text Viewer Hover Presenter] - IScalaPresentationCompiler$ - Ignoring InterruptException
2016-11-28 03:29:18,609 ERROR [Text Viewer Hover Presenter] - IScalaPresentationCompiler$ - Ignoring InterruptException
2016-11-28 03:29:18,617 ERROR [Text Viewer Hover Presenter] - IScalaPresentationCompiler$ - Ignoring InterruptException
2016-11-28 03:29:19,894  WARN [Worker-4] - ScalaProject - Project wk1 has platform default sourceLevel.
2016-11-28 03:29:19,895  WARN [Worker-4] - ScalaProject - Project wk1 runs on platform default installation.
2016-11-28 03:29:19,907  WARN [Worker-4] - ScalaProject - Project wk1 has platform default sourceLevel.
2016-11-28 03:29:19,908  WARN [Worker-4] - ScalaProject - Project wk1 runs on platform default installation.
2016-11-28 03:29:47,133 ERROR [Worker-4] - System.err - SLF4J: Failed to load class "org.slf4j.impl.StaticLoggerBinder".
2016-11-28 03:29:47,133 ERROR [Worker-4] - System.err - SLF4J: Defaulting to no-operation (NOP) logger implementation
2016-11-28 03:29:47,133 ERROR [Worker-4] - System.err - SLF4J: See http://www.slf4j.org/codes.html#StaticLoggerBinder for further details.
2016-11-28 03:30:29,442  WARN [org.scalaide.ui.internal.reconciliation.ScalaReconciler] - CallByNameParamAtCreationPresenter - Timeout while waiting for `askLoadedTyped` during semantic highlighting.
2016-11-28 03:30:41,840  WARN [org.scalaide.ui.internal.reconciliation.ScalaReconciler] - CallByNameParamAtCreationPresenter - Timeout while waiting for `askLoadedTyped` during semantic highlighting.
2016-11-28 03:30:41,883 ERROR [Text Viewer Hover Presenter] - IScalaPresentationCompiler$ - Ignoring InterruptException
2016-11-28 03:30:41,884 ERROR [Text Viewer Hover Presenter] - IScalaPresentationCompiler$ - Ignoring InterruptException
2016-11-28 03:30:41,890 ERROR [Text Viewer Hover Presenter] - IScalaPresentationCompiler$ - Ignoring InterruptException
2016-11-28 03:31:13,566 ERROR [main] - org.scala-ide.sdt.core - org.scala-ide.sdt.core - org.scala-ide.sdt.core - 0 - Throwable during asyncExec
scala.reflect.internal.FatalError: ThisType(value <local TweetSetSuite>) for sym which is not a class
	at scala.reflect.internal.Reporting$class.abort(Reporting.scala:59)
	at scala.reflect.internal.SymbolTable.abort(SymbolTable.scala:16)
	at scala.reflect.internal.Types$ThisType.<init>(Types.scala:1167)
	at scala.reflect.internal.Types$UniqueThisType.<init>(Types.scala:1187)
	at scala.reflect.internal.Types$ThisType$.apply(Types.scala:1191)
	at scala.tools.nsc.interactive.Global.scala$tools$nsc$interactive$Global$$findMirrorSymbol(Global.scala:875)
	at scala.tools.nsc.interactive.Global$$anonfun$getDocComment$2$$anonfun$apply$16$$anonfun$apply$18.apply(Global.scala:948)
	at scala.tools.nsc.interactive.Global$$anonfun$getDocComment$2$$anonfun$apply$16$$anonfun$apply$18.apply(Global.scala:947)
	at scala.collection.TraversableLike$WithFilter$$anonfun$foreach$1.apply(TraversableLike.scala:733)
	at scala.collection.immutable.List.foreach(List.scala:381)
	at scala.collection.TraversableLike$WithFilter.foreach(TraversableLike.scala:732)
	at scala.tools.nsc.interactive.Global$$anonfun$getDocComment$2$$anonfun$apply$16.apply(Global.scala:947)
	at scala.tools.nsc.interactive.Global$$anonfun$getDocComment$2$$anonfun$apply$16.apply(Global.scala:946)
	at scala.tools.nsc.interactive.Global.scala$tools$nsc$interactive$Global$$withTempUnits(Global.scala:855)
	at scala.tools.nsc.interactive.Global$$anonfun$getDocComment$2.apply(Global.scala:946)
	at scala.tools.nsc.interactive.Global$$anonfun$getDocComment$2.apply(Global.scala:946)
	at scala.tools.nsc.interactive.Global$$anonfun$respond$1.apply(Global.scala:701)
	at scala.tools.nsc.interactive.Global$$anonfun$respond$1.apply(Global.scala:701)
	at scala.tools.nsc.interactive.Global.respondGradually(Global.scala:708)
	at scala.tools.nsc.interactive.Global.respond(Global.scala:701)
	at scala.tools.nsc.interactive.Global.getDocComment(Global.scala:945)
	at scala.tools.nsc.interactive.CompilerControl$AskDocCommentItem.apply$mcV$sp(CompilerControl.scala:383)
	at scala.tools.nsc.interactive.Global$$anonfun$pollForWork$1.apply$mcV$sp(Global.scala:506)
	at scala.util.control.Breaks.breakable(Breaks.scala:38)
	at scala.tools.nsc.interactive.Global.pollForWork(Global.scala:431)
	at scala.tools.nsc.interactive.PresentationCompilerThread.run(PresentationCompilerThread.scala:22)
2016-11-28 03:31:16,328  WARN [org.scalaide.ui.internal.reconciliation.ScalaReconciler] - CustomSemanticAction - Timeout while waiting for `askLoadedTyped` during semantic highlighting.
2016-11-28 03:31:49,131  WARN [org.scalaide.ui.internal.reconciliation.ScalaReconciler] - ImplicitHighlightingPresenter - Timeout while waiting for `askLoadedTyped` during semantic highlighting.
2016-11-28 03:31:49,159 ERROR [Text Viewer Hover Presenter] - IScalaPresentationCompiler$ - Ignoring InterruptException
2016-11-28 03:31:49,342  WARN [org.scalaide.ui.internal.reconciliation.ScalaReconciler] - CustomSemanticAction - Timeout while waiting for `askLoadedTyped` during semantic highlighting.
2016-11-28 03:31:49,542  WARN [org.scalaide.ui.internal.reconciliation.ScalaReconciler] - CallByNameParamAtCreationPresenter - Timeout while waiting for `askLoadedTyped` during semantic highlighting.
2016-11-28 03:33:40,491 ERROR [Text Viewer Hover Presenter] - IScalaPresentationCompiler$ - Ignoring InterruptException
2016-11-28 03:33:40,497 ERROR [Text Viewer Hover Presenter] - IScalaPresentationCompiler$ - Ignoring InterruptException
2016-11-28 03:33:40,497 ERROR [Text Viewer Hover Presenter] - IScalaPresentationCompiler$ - Ignoring InterruptException
2016-11-28 03:33:40,497 ERROR [Text Viewer Hover Presenter] - IScalaPresentationCompiler$ - Ignoring InterruptException
2016-11-28 03:33:41,842  WARN [org.scalaide.ui.internal.reconciliation.ScalaReconciler] - ImplicitHighlightingPresenter - Timeout while waiting for `askLoadedTyped` during semantic highlighting.
2016-11-28 03:35:06,788 ERROR [Text Viewer Hover Presenter] - IScalaPresentationCompiler$ - Ignoring InterruptException
2016-11-28 03:35:06,789 ERROR [Text Viewer Hover Presenter] - IScalaPresentationCompiler$ - Ignoring InterruptException
2016-11-28 04:04:08,700  WARN [org.scalaide.ui.internal.reconciliation.ScalaReconciler] - TraverserImpl$ - Skipping annotation, position length = 0, position offset = 6691
2016-11-28 04:04:08,701  WARN [org.scalaide.ui.internal.reconciliation.ScalaReconciler] - TraverserImpl$ - Skipping annotation, position length = 0, position offset = 6691
2016-11-28 04:04:11,611  WARN [org.scalaide.ui.internal.reconciliation.ScalaReconciler] - TraverserImpl$ - Skipping annotation, position length = 0, position offset = 6437
2016-11-28 04:04:11,614  WARN [org.scalaide.ui.internal.reconciliation.ScalaReconciler] - TraverserImpl$ - Skipping annotation, position length = 0, position offset = 6437
2016-11-28 04:04:23,570  WARN [org.scalaide.ui.internal.reconciliation.ScalaReconciler] - TraverserImpl$ - Skipping annotation, position length = 0, position offset = 6435
2016-11-28 04:04:23,573  WARN [org.scalaide.ui.internal.reconciliation.ScalaReconciler] - TraverserImpl$ - Skipping annotation, position length = 0, position offset = 6435
2016-11-28 04:10:56,320  WARN [org.scalaide.ui.internal.reconciliation.ScalaReconciler] - CallByNameParamAtCreationPresenter - Timeout while waiting for `askLoadedTyped` during semantic highlighting.
2016-11-28 04:13:48,750  WARN [main] - org.scala-ide.sdt.core - org.scala-ide.sdt.core - org.scala-ide.sdt.core - 0 - Preference scala.compiler.sourceLevel was uninitialized for objsets, setting default to 2.11.
2016-11-28 04:13:48,805  WARN [main] - org.scala-ide.sdt.core - org.scala-ide.sdt.core - org.scala-ide.sdt.core - 0 - Preference scala.compiler.installation was uninitialized for objsets, setting default to 2.11.
2016-11-28 04:13:48,887  WARN [Worker-3] - ScalaProject - Project wk1 has platform default sourceLevel.
2016-11-28 04:13:48,889  WARN [Worker-3] - ScalaProject - Project wk1 runs on platform default installation.
2016-11-28 04:13:53,414  WARN [Worker-7] - ScalaProject - Project wk1 has platform default sourceLevel.
2016-11-28 04:13:53,415  WARN [Worker-7] - ScalaProject - Project wk1 runs on platform default installation.
2016-11-28 04:13:53,448  WARN [Worker-7] - ScalaProject - Project wk1 has platform default sourceLevel.
2016-11-28 04:13:53,448  WARN [Worker-7] - ScalaProject - Project wk1 runs on platform default installation.
2016-11-28 04:14:18,415  WARN [org.scalaide.ui.internal.reconciliation.ScalaReconciler] - CallByNameParamAtCreationPresenter - Timeout while waiting for `askLoadedTyped` during semantic highlighting.
2016-11-28 04:14:27,442 ERROR [Worker-2] - System.err - SLF4J: Failed to load class "org.slf4j.impl.StaticLoggerBinder".
2016-11-28 04:14:27,442 ERROR [Worker-2] - System.err - SLF4J: Defaulting to no-operation (NOP) logger implementation
2016-11-28 04:14:27,443 ERROR [Worker-2] - System.err - SLF4J: See http://www.slf4j.org/codes.html#StaticLoggerBinder for further details.
2016-11-28 04:17:22,627 ERROR [Text Viewer Hover Presenter] - IScalaPresentationCompiler$ - Ignoring InterruptException
2016-11-28 04:17:22,652 ERROR [Text Viewer Hover Presenter] - IScalaPresentationCompiler$ - Ignoring InterruptException
2016-11-28 04:17:22,652 ERROR [Text Viewer Hover Presenter] - IScalaPresentationCompiler$ - Ignoring InterruptException
2016-11-28 04:17:22,652 ERROR [Text Viewer Hover Presenter] - IScalaPresentationCompiler$ - Ignoring InterruptException
2016-11-28 04:21:59,084  WARN [org.scalaide.ui.internal.reconciliation.ScalaReconciler] - ImplicitHighlightingPresenter - Timeout while waiting for `askLoadedTyped` during semantic highlighting.
2016-11-28 04:27:36,170  WARN [org.scalaide.ui.internal.reconciliation.ScalaReconciler] - TraverserImpl$ - Skipping annotation, position length = 0, position offset = 6655
2016-11-28 04:27:36,173  WARN [org.scalaide.ui.internal.reconciliation.ScalaReconciler] - TraverserImpl$ - Skipping annotation, position length = 0, position offset = 6655
2016-11-28 04:27:38,961  WARN [org.scalaide.ui.internal.reconciliation.ScalaReconciler] - TraverserImpl$ - Skipping annotation, position length = 0, position offset = 6674
2016-11-28 04:27:38,962  WARN [org.scalaide.ui.internal.reconciliation.ScalaReconciler] - TraverserImpl$ - Skipping annotation, position length = 0, position offset = 6674
2016-11-28 04:29:18,313 ERROR [Text Viewer Hover Presenter] - IScalaPresentationCompiler$ - Ignoring InterruptException
2016-11-28 04:29:18,336 ERROR [Text Viewer Hover Presenter] - IScalaPresentationCompiler$ - Ignoring InterruptException
2016-11-28 04:29:18,338 ERROR [Text Viewer Hover Presenter] - IScalaPresentationCompiler$ - Ignoring InterruptException
2016-11-28 04:30:35,168 ERROR [Text Viewer Hover Presenter] - IScalaPresentationCompiler$ - Ignoring InterruptException
2016-11-28 04:30:35,169 ERROR [Text Viewer Hover Presenter] - IScalaPresentationCompiler$ - Ignoring InterruptException
2016-11-28 04:30:35,169 ERROR [Text Viewer Hover Presenter] - IScalaPresentationCompiler$ - Ignoring InterruptException
2016-11-28 04:30:45,718 ERROR [main] - org.scala-ide.sdt.core - org.scala-ide.sdt.core - org.scala-ide.sdt.core - 0 - Throwable during asyncExec
scala.reflect.internal.FatalError: ThisType(value <local TweetSetSuite>) for sym which is not a class
	at scala.reflect.internal.Reporting$class.abort(Reporting.scala:59)
	at scala.reflect.internal.SymbolTable.abort(SymbolTable.scala:16)
	at scala.reflect.internal.Types$ThisType.<init>(Types.scala:1167)
	at scala.reflect.internal.Types$UniqueThisType.<init>(Types.scala:1187)
	at scala.reflect.internal.Types$ThisType$.apply(Types.scala:1191)
	at scala.tools.nsc.interactive.Global.scala$tools$nsc$interactive$Global$$findMirrorSymbol(Global.scala:875)
	at scala.tools.nsc.interactive.Global$$anonfun$getDocComment$2$$anonfun$apply$16$$anonfun$apply$18.apply(Global.scala:948)
	at scala.tools.nsc.interactive.Global$$anonfun$getDocComment$2$$anonfun$apply$16$$anonfun$apply$18.apply(Global.scala:947)
	at scala.collection.TraversableLike$WithFilter$$anonfun$foreach$1.apply(TraversableLike.scala:733)
	at scala.collection.immutable.List.foreach(List.scala:381)
	at scala.collection.TraversableLike$WithFilter.foreach(TraversableLike.scala:732)
	at scala.tools.nsc.interactive.Global$$anonfun$getDocComment$2$$anonfun$apply$16.apply(Global.scala:947)
	at scala.tools.nsc.interactive.Global$$anonfun$getDocComment$2$$anonfun$apply$16.apply(Global.scala:946)
	at scala.tools.nsc.interactive.Global.scala$tools$nsc$interactive$Global$$withTempUnits(Global.scala:855)
	at scala.tools.nsc.interactive.Global$$anonfun$getDocComment$2.apply(Global.scala:946)
	at scala.tools.nsc.interactive.Global$$anonfun$getDocComment$2.apply(Global.scala:946)
	at scala.tools.nsc.interactive.Global$$anonfun$respond$1.apply(Global.scala:701)
	at scala.tools.nsc.interactive.Global$$anonfun$respond$1.apply(Global.scala:701)
	at scala.tools.nsc.interactive.Global.respondGradually(Global.scala:708)
	at scala.tools.nsc.interactive.Global.respond(Global.scala:701)
	at scala.tools.nsc.interactive.Global.getDocComment(Global.scala:945)
	at scala.tools.nsc.interactive.CompilerControl$AskDocCommentItem.apply$mcV$sp(CompilerControl.scala:383)
	at scala.tools.nsc.interactive.Global$$anonfun$pollForWork$1.apply$mcV$sp(Global.scala:506)
	at scala.util.control.Breaks.breakable(Breaks.scala:38)
	at scala.tools.nsc.interactive.Global.pollForWork(Global.scala:431)
	at scala.tools.nsc.interactive.PresentationCompilerThread.run(PresentationCompilerThread.scala:22)
2016-11-28 04:35:57,641  WARN [org.scalaide.ui.internal.reconciliation.ScalaReconciler] - CustomSemanticAction - Timeout while waiting for `askLoadedTyped` during semantic highlighting.
2016-11-28 04:38:18,371  WARN [org.scalaide.ui.internal.reconciliation.ScalaReconciler] - ImplicitHighlightingPresenter - Timeout while waiting for `askLoadedTyped` during semantic highlighting.
2016-11-28 04:38:18,572  WARN [org.scalaide.ui.internal.reconciliation.ScalaReconciler] - CustomSemanticAction - Timeout while waiting for `askLoadedTyped` during semantic highlighting.
2016-11-28 05:07:47,745 ERROR [Text Viewer Hover Presenter] - IScalaPresentationCompiler$ - Ignoring InterruptException
2016-11-28 05:16:00,348 ERROR [Text Viewer Hover Presenter] - IScalaPresentationCompiler$ - Ignoring InterruptException
2016-11-28 05:16:00,348 ERROR [Text Viewer Hover Presenter] - IScalaPresentationCompiler$ - Ignoring InterruptException
2016-11-28 05:16:00,349 ERROR [Text Viewer Hover Presenter] - IScalaPresentationCompiler$ - Ignoring InterruptException
2016-11-28 05:17:17,876 ERROR [Text Viewer Hover Presenter] - IScalaPresentationCompiler$ - Ignoring InterruptException
2016-11-28 05:17:17,877 ERROR [Text Viewer Hover Presenter] - IScalaPresentationCompiler$ - Ignoring InterruptException
2016-11-28 05:17:17,877 ERROR [Text Viewer Hover Presenter] - IScalaPresentationCompiler$ - Ignoring InterruptException
2016-11-28 05:17:17,877 ERROR [Text Viewer Hover Presenter] - IScalaPresentationCompiler$ - Ignoring InterruptException
2016-11-28 05:17:17,878 ERROR [Text Viewer Hover Presenter] - IScalaPresentationCompiler$ - Ignoring InterruptException
2016-11-28 05:17:17,878 ERROR [Text Viewer Hover Presenter] - IScalaPresentationCompiler$ - Ignoring InterruptException
2016-11-28 05:17:17,879 ERROR [Text Viewer Hover Presenter] - IScalaPresentationCompiler$ - Ignoring InterruptException
2016-11-28 05:47:12,143 ERROR [Text Viewer Hover Presenter] - IScalaPresentationCompiler$ - Ignoring InterruptException
2016-11-28 05:47:12,145 ERROR [Text Viewer Hover Presenter] - IScalaPresentationCompiler$ - Ignoring InterruptException
2016-11-28 05:47:12,146 ERROR [Text Viewer Hover Presenter] - IScalaPresentationCompiler$ - Ignoring InterruptException
2016-11-28 05:47:12,146 ERROR [Text Viewer Hover Presenter] - IScalaPresentationCompiler$ - Ignoring InterruptException
2016-11-28 05:53:55,475 ERROR [Text Viewer Hover Presenter] - IScalaPresentationCompiler$ - Ignoring InterruptException
2016-11-28 05:53:55,477 ERROR [Text Viewer Hover Presenter] - IScalaPresentationCompiler$ - Ignoring InterruptException
2016-11-28 05:53:55,490 ERROR [Text Viewer Hover Presenter] - IScalaPresentationCompiler$ - Ignoring InterruptException
2016-11-28 05:53:55,490 ERROR [Text Viewer Hover Presenter] - IScalaPresentationCompiler$ - Ignoring InterruptException
2016-11-28 05:54:18,704 ERROR [Text Viewer Hover Presenter] - IScalaPresentationCompiler$ - Ignoring InterruptException
2016-11-28 05:54:18,705 ERROR [Text Viewer Hover Presenter] - IScalaPresentationCompiler$ - Ignoring InterruptException
2016-11-28 05:57:23,275 ERROR [Text Viewer Hover Presenter] - IScalaPresentationCompiler$ - Ignoring InterruptException
2016-11-28 05:57:23,276 ERROR [Text Viewer Hover Presenter] - IScalaPresentationCompiler$ - Ignoring InterruptException
2016-11-28 06:04:25,578  WARN [org.scalaide.ui.internal.reconciliation.ScalaReconciler] - TraverserImpl$ - Skipping annotation, position length = 0, position offset = 3669
2016-11-28 06:04:25,579  WARN [org.scalaide.ui.internal.reconciliation.ScalaReconciler] - TraverserImpl$ - Skipping annotation, position length = 0, position offset = 3669
